<?xml version="1.0" encoding="UTF-8"?>
<!-- Generated by org.testng.reporters.JUnitReportReporter -->
<testsuite skipped="0" hostname="Minh-Hoang" name="com.mh.ta.guice.TestConfig" tests="1" failures="0" timestamp="05 Aug 2017 10:03:43 GMT" time="6.854" errors="0">
  <testcase name="testConfig" time="6.854" classname="com.mh.ta.guice.TestConfig"/>
</testsuite> <!-- com.mh.ta.guice.TestConfig -->
