<?xml version="1.0" encoding="UTF-8"?>
<!-- Generated by org.testng.reporters.JUnitReportReporter -->
<testsuite skipped="0" hostname="Minh-Hoang" name="com.mh.ta.guice.TestPerson" tests="10" failures="0" timestamp="05 Aug 2017 03:59:05 GMT" time="1.909" errors="0">
  <testcase name="test" time="0.191" classname="com.mh.ta.guice.TestPerson"/>
  <testcase name="test" time="0.191" classname="com.mh.ta.guice.TestPerson"/>
  <testcase name="test" time="0.190" classname="com.mh.ta.guice.TestPerson"/>
  <testcase name="test" time="0.192" classname="com.mh.ta.guice.TestPerson"/>
  <testcase name="test" time="0.191" classname="com.mh.ta.guice.TestPerson"/>
  <testcase name="test" time="0.191" classname="com.mh.ta.guice.TestPerson"/>
  <testcase name="test" time="0.191" classname="com.mh.ta.guice.TestPerson"/>
  <testcase name="test" time="0.192" classname="com.mh.ta.guice.TestPerson"/>
  <testcase name="test" time="0.190" classname="com.mh.ta.guice.TestPerson"/>
  <testcase name="test" time="0.190" classname="com.mh.ta.guice.TestPerson"/>
</testsuite> <!-- com.mh.ta.guice.TestPerson -->
