<?xml version="1.0" encoding="UTF-8"?>
<!-- Generated by org.testng.reporters.JUnitReportReporter -->
<testsuite skipped="0" hostname="Minh-Hoang" name="com.mh.ta.test.TestLogin" tests="2" failures="0" timestamp="31 Jul 2017 16:16:40 GMT" time="8.549" errors="0">
  <testcase name="testLogin1" time="4.275" classname="com.mh.ta.test.TestLogin"/>
  <testcase name="testLogin1" time="4.274" classname="com.mh.ta.test.TestLogin"/>
</testsuite> <!-- com.mh.ta.test.TestLogin -->
