<?xml version="1.0" encoding="UTF-8"?>
<!-- Generated by org.testng.reporters.JUnitReportReporter -->
<testsuite skipped="4" hostname="Minh-Hoang" name="com.mh.ta.guice.TestPerson" tests="8" failures="0" timestamp="07 Aug 2017 01:07:25 GMT" time="23.618" errors="0">
  <testcase name="testLoginPage" time="5.895" classname="com.mh.ta.guice.TestPerson"/>
  <testcase name="testLoginPage" time="5.908" classname="com.mh.ta.guice.TestPerson"/>
  <testcase name="testLoginPage" time="5.920" classname="com.mh.ta.guice.TestPerson"/>
  <testcase name="testLoginPage" time="5.895" classname="com.mh.ta.guice.TestPerson"/>
  <testcase name="test" classname="com.mh.ta.guice.TestPerson">
    <skipped/>
  </testcase> <!-- test -->
  <testcase name="test" classname="com.mh.ta.guice.TestPerson">
    <skipped/>
  </testcase> <!-- test -->
  <testcase name="test" classname="com.mh.ta.guice.TestPerson">
    <skipped/>
  </testcase> <!-- test -->
  <testcase name="test" classname="com.mh.ta.guice.TestPerson">
    <skipped/>
  </testcase> <!-- test -->
</testsuite> <!-- com.mh.ta.guice.TestPerson -->
