<?xml version="1.0" encoding="UTF-8"?>
<!-- Generated by org.testng.reporters.JUnitReportReporter -->
<testsuite skipped="0" hostname="Minh-Hoang" name="com.mh.ta.method.TestN" tests="2" failures="0" timestamp="05 Aug 2017 08:29:01 GMT" time="0.208" errors="0">
  <testcase name="testRentMovie" time="0.198" classname="com.mh.ta.method.TestN"/>
  <testcase name="testRegisterNewMovie" time="0.010" classname="com.mh.ta.method.TestN"/>
</testsuite> <!-- com.mh.ta.method.TestN -->
