<?xml version="1.0" encoding="UTF-8"?>
<!-- Generated by org.testng.reporters.JUnitReportReporter -->
<testsuite skipped="0" hostname="Minh-Hoang" name="com.mh.ta.test.TestProvider" tests="1" failures="0" timestamp="06 Aug 2017 16:42:37 GMT" time="0.223" errors="0">
  <testcase name="testProvider" time="0.223" classname="com.mh.ta.test.TestProvider"/>
</testsuite> <!-- com.mh.ta.test.TestProvider -->
