<?xml version="1.0" encoding="UTF-8"?>
<!-- Generated by org.testng.reporters.JUnitReportReporter -->
<testsuite skipped="1" hostname="Minh-Hoang" name="com.mh.ta.guice.TestPerson" tests="2" failures="0" timestamp="06 Aug 2017 15:06:55 GMT" time="6.375" errors="0">
  <testcase name="testLoginPage" time="6.375" classname="com.mh.ta.guice.TestPerson"/>
  <testcase name="test" classname="com.mh.ta.guice.TestPerson">
    <skipped/>
  </testcase> <!-- test -->
</testsuite> <!-- com.mh.ta.guice.TestPerson -->
