<?xml version="1.0" encoding="UTF-8"?>
<!-- Generated by org.testng.reporters.JUnitReportReporter -->
<testsuite skipped="4" hostname="Minh-Hoang" name="com.mh.ta.guice.TestPerson" tests="12" failures="0" timestamp="06 Aug 2017 13:20:15 GMT" time="185.609" errors="0">
  <testcase name="testLoginPage" time="21.061" classname="com.mh.ta.guice.TestPerson"/>
  <testcase name="testLoginPage" time="31.531" classname="com.mh.ta.guice.TestPerson"/>
  <testcase name="testLoginPage" time="22.010" classname="com.mh.ta.guice.TestPerson"/>
  <testcase name="testLoginPage" time="21.224" classname="com.mh.ta.guice.TestPerson"/>
  <testcase name="testLoginPage" time="27.649" classname="com.mh.ta.guice.TestPerson"/>
  <testcase name="testLoginPage" time="18.966" classname="com.mh.ta.guice.TestPerson"/>
  <testcase name="testLoginPage" time="17.463" classname="com.mh.ta.guice.TestPerson"/>
  <testcase name="testLoginPage" time="25.705" classname="com.mh.ta.guice.TestPerson"/>
  <testcase name="test" classname="com.mh.ta.guice.TestPerson">
    <skipped/>
  </testcase> <!-- test -->
  <testcase name="test" classname="com.mh.ta.guice.TestPerson">
    <skipped/>
  </testcase> <!-- test -->
  <testcase name="test" classname="com.mh.ta.guice.TestPerson">
    <skipped/>
  </testcase> <!-- test -->
  <testcase name="test" classname="com.mh.ta.guice.TestPerson">
    <skipped/>
  </testcase> <!-- test -->
</testsuite> <!-- com.mh.ta.guice.TestPerson -->
