<?xml version="1.0" encoding="UTF-8"?>
<!-- Generated by org.testng.reporters.JUnitReportReporter -->
<testsuite skipped="0" hostname="Minh-Hoang" name="com.mh.ta.guice.TestPerson" tests="10" failures="0" timestamp="03 Aug 2017 16:21:14 GMT" time="51.218" errors="0">
  <testcase name="test" time="5.319" classname="com.mh.ta.guice.TestPerson"/>
  <testcase name="test" time="4.793" classname="com.mh.ta.guice.TestPerson"/>
  <testcase name="test" time="5.372" classname="com.mh.ta.guice.TestPerson"/>
  <testcase name="test" time="4.938" classname="com.mh.ta.guice.TestPerson"/>
  <testcase name="test" time="5.427" classname="com.mh.ta.guice.TestPerson"/>
  <testcase name="test" time="4.934" classname="com.mh.ta.guice.TestPerson"/>
  <testcase name="test" time="5.154" classname="com.mh.ta.guice.TestPerson"/>
  <testcase name="test" time="4.733" classname="com.mh.ta.guice.TestPerson"/>
  <testcase name="test" time="5.403" classname="com.mh.ta.guice.TestPerson"/>
  <testcase name="test" time="5.145" classname="com.mh.ta.guice.TestPerson"/>
</testsuite> <!-- com.mh.ta.guice.TestPerson -->
