<?xml version="1.0" encoding="UTF-8"?>
<!-- Generated by org.testng.reporters.JUnitReportReporter -->
<testsuite skipped="0" hostname="Minh-Hoang" name="com.mh.ta.test.TestLogin" tests="1" failures="0" timestamp="31 Jul 2017 16:06:12 GMT" time="4.449" errors="0">
  <testcase name="testLogin1" time="4.449" classname="com.mh.ta.test.TestLogin"/>
</testsuite> <!-- com.mh.ta.test.TestLogin -->
