<?xml version="1.0" encoding="UTF-8"?>
<!-- Generated by org.testng.reporters.JUnitReportReporter -->
<testsuite skipped="0" hostname="Minh-Hoang" name="com.mh.ta.guice.TestPerson" tests="20" failures="0" timestamp="05 Aug 2017 10:50:01 GMT" time="0.149" errors="0">
  <testcase name="test" time="0.012" classname="com.mh.ta.guice.TestPerson"/>
  <testcase name="test" time="0.001" classname="com.mh.ta.guice.TestPerson"/>
  <testcase name="test" time="0.002" classname="com.mh.ta.guice.TestPerson"/>
  <testcase name="test" time="0.005" classname="com.mh.ta.guice.TestPerson"/>
  <testcase name="test" time="0.011" classname="com.mh.ta.guice.TestPerson"/>
  <testcase name="test" time="0.003" classname="com.mh.ta.guice.TestPerson"/>
  <testcase name="test" time="0.011" classname="com.mh.ta.guice.TestPerson"/>
  <testcase name="test" time="0.013" classname="com.mh.ta.guice.TestPerson"/>
  <testcase name="test" time="0.012" classname="com.mh.ta.guice.TestPerson"/>
  <testcase name="test" time="0.010" classname="com.mh.ta.guice.TestPerson"/>
  <testcase name="test" time="0.009" classname="com.mh.ta.guice.TestPerson"/>
  <testcase name="test" time="0.010" classname="com.mh.ta.guice.TestPerson"/>
  <testcase name="test" time="0.002" classname="com.mh.ta.guice.TestPerson"/>
  <testcase name="test" time="0.004" classname="com.mh.ta.guice.TestPerson"/>
  <testcase name="test" time="0.014" classname="com.mh.ta.guice.TestPerson"/>
  <testcase name="test" time="0.001" classname="com.mh.ta.guice.TestPerson"/>
  <testcase name="test" time="0.005" classname="com.mh.ta.guice.TestPerson"/>
  <testcase name="test" time="0.013" classname="com.mh.ta.guice.TestPerson"/>
  <testcase name="test" time="0.007" classname="com.mh.ta.guice.TestPerson"/>
  <testcase name="test" time="0.004" classname="com.mh.ta.guice.TestPerson"/>
</testsuite> <!-- com.mh.ta.guice.TestPerson -->
