<?xml version="1.0" encoding="UTF-8"?>
<!-- Generated by org.testng.reporters.JUnitReportReporter -->
<testsuite skipped="2" hostname="Minh-Hoang" name="com.mh.ta.guice.TestPerson" tests="4" failures="0" timestamp="06 Aug 2017 11:44:20 GMT" time="17.367" errors="0">
  <testcase name="testLoginPage" time="8.684" classname="com.mh.ta.guice.TestPerson"/>
  <testcase name="testLoginPage" time="8.683" classname="com.mh.ta.guice.TestPerson"/>
  <testcase name="test" classname="com.mh.ta.guice.TestPerson">
    <skipped/>
  </testcase> <!-- test -->
  <testcase name="test" classname="com.mh.ta.guice.TestPerson">
    <skipped/>
  </testcase> <!-- test -->
</testsuite> <!-- com.mh.ta.guice.TestPerson -->
