<?xml version="1.0" encoding="UTF-8"?>
<!-- Generated by org.testng.reporters.JUnitReportReporter -->
<testsuite skipped="0" hostname="Minh-Hoang" name="com.mh.ta.test.TestOb" tests="1" failures="0" timestamp="05 Aug 2017 11:52:45 GMT" time="0.008" errors="0">
  <testcase name="testPattern" time="0.008" classname="com.mh.ta.test.TestOb"/>
</testsuite> <!-- com.mh.ta.test.TestOb -->
