<?xml version="1.0" encoding="UTF-8"?>
<!-- Generated by org.testng.reporters.JUnitReportReporter -->
<testsuite skipped="0" hostname="Minh-Hoang" name="com.mh.test.DataAnnotationTest" tests="4" failures="0" timestamp="09 Aug 2017 14:17:50 GMT" time="0.327" errors="0">
  <testcase name="sampleTestDataSheetA" time="0.004" classname="com.mh.test.DataAnnotationTest"/>
  <testcase name="sampleTestDataSheetD" time="0.000" classname="com.mh.test.DataAnnotationTest"/>
  <testcase name="sampleTestDataSheetB" time="0.002" classname="com.mh.test.DataAnnotationTest"/>
  <testcase name="sampleTestDataSheetC" time="0.321" classname="com.mh.test.DataAnnotationTest"/>
</testsuite> <!-- com.mh.test.DataAnnotationTest -->
