<?xml version="1.0" encoding="UTF-8"?>
<!-- Generated by org.testng.reporters.JUnitReportReporter -->
<testsuite skipped="0" hostname="Minh-Hoang" name="com.mh.ta.test.TestLogin" tests="2" failures="0" timestamp="03 Aug 2017 15:18:51 GMT" time="9.950" errors="0">
  <testcase name="testLogin1" time="4.975" classname="com.mh.ta.test.TestLogin"/>
  <testcase name="testLogin1" time="4.975" classname="com.mh.ta.test.TestLogin"/>
</testsuite> <!-- com.mh.ta.test.TestLogin -->
