<?xml version="1.0" encoding="UTF-8"?>
<!-- Generated by org.testng.reporters.JUnitReportReporter -->
<testsuite skipped="4" hostname="Minh-Hoang" name="com.mh.ta.guice.TestPerson" tests="12" failures="0" timestamp="06 Aug 2017 13:49:33 GMT" time="33.040" errors="0">
  <testcase name="testLoginPage" time="4.383" classname="com.mh.ta.guice.TestPerson"/>
  <testcase name="testLoginPage" time="4.428" classname="com.mh.ta.guice.TestPerson"/>
  <testcase name="testLoginPage" time="3.869" classname="com.mh.ta.guice.TestPerson"/>
  <testcase name="testLoginPage" time="3.930" classname="com.mh.ta.guice.TestPerson"/>
  <testcase name="testLoginPage" time="4.223" classname="com.mh.ta.guice.TestPerson"/>
  <testcase name="testLoginPage" time="3.867" classname="com.mh.ta.guice.TestPerson"/>
  <testcase name="testLoginPage" time="4.085" classname="com.mh.ta.guice.TestPerson"/>
  <testcase name="testLoginPage" time="4.255" classname="com.mh.ta.guice.TestPerson"/>
  <testcase name="test" classname="com.mh.ta.guice.TestPerson">
    <skipped/>
  </testcase> <!-- test -->
  <testcase name="test" classname="com.mh.ta.guice.TestPerson">
    <skipped/>
  </testcase> <!-- test -->
  <testcase name="test" classname="com.mh.ta.guice.TestPerson">
    <skipped/>
  </testcase> <!-- test -->
  <testcase name="test" classname="com.mh.ta.guice.TestPerson">
    <skipped/>
  </testcase> <!-- test -->
</testsuite> <!-- com.mh.ta.guice.TestPerson -->
