<?xml version="1.0" encoding="UTF-8"?>
<!-- Generated by org.testng.reporters.JUnitReportReporter -->
<testsuite skipped="0" hostname="Minh-Hoang" name="com.mh.ta.test.TestOb" tests="2" failures="0" timestamp="05 Aug 2017 17:20:57 GMT" time="0.003" errors="0">
  <testcase name="testPattern" time="0.003" classname="com.mh.ta.test.TestOb"/>
  <testcase name="testPattern" time="0.000" classname="com.mh.ta.test.TestOb"/>
</testsuite> <!-- com.mh.ta.test.TestOb -->
