<?xml version="1.0" encoding="UTF-8"?>
<!-- Generated by org.testng.reporters.JUnitReportReporter -->
<testsuite skipped="0" hostname="Minh-Hoang" name="com.mh.test.LoginTest" tests="2" failures="0" timestamp="09 Aug 2017 14:05:58 GMT" time="0.333" errors="0">
  <testcase name="sampleTestData" time="0.005" classname="com.mh.test.LoginTest"/>
  <testcase name="sampleTestDataSheet" time="0.328" classname="com.mh.test.LoginTest"/>
</testsuite> <!-- com.mh.test.LoginTest -->
