<?xml version="1.0" encoding="UTF-8"?>
<!-- Generated by org.testng.reporters.JUnitReportReporter -->
<testsuite skipped="0" hostname="minhhoang.local" name="com.mh.ta.core.TestIntergrationTestNG" tests="1" failures="0" timestamp="27 Jun 2017 04:04:07 GMT" time="0.010" errors="0">
  <testcase name="testInstaceDriverSpring" time="0.010" classname="com.mh.ta.core.TestIntergrationTestNG"/>
</testsuite> <!-- com.mh.ta.core.TestIntergrationTestNG -->
