<?xml version="1.0" encoding="UTF-8"?>
<!-- Generated by org.testng.reporters.JUnitReportReporter -->
<testsuite skipped="0" hostname="minhhoang.local" name="com.mh.ta.core.TestSettingsConfig" tests="1" failures="0" timestamp="27 Jun 2017 17:29:16 GMT" time="3.979" errors="0">
  <testcase name="testA" time="3.979" classname="com.mh.ta.core.TestSettingsConfig"/>
</testsuite> <!-- com.mh.ta.core.TestSettingsConfig -->
