<?xml version="1.0" encoding="UTF-8"?>
<!-- Generated by org.testng.reporters.JUnitReportReporter -->
<testsuite skipped="0" hostname="minhhoang.local" name="com.mh.ta.person.TestProvider" tests="2" failures="0" timestamp="03 Jul 2017 11:01:31 GMT" time="0.040" errors="0">
  <testcase name="testOffice" time="0.020" classname="com.mh.ta.person.TestProvider"/>
  <testcase name="testIT" time="0.020" classname="com.mh.ta.person.TestProvider"/>
</testsuite> <!-- com.mh.ta.person.TestProvider -->
