<?xml version="1.0" encoding="UTF-8"?>
<!-- Generated by org.testng.reporters.JUnitReportReporter -->
<testsuite skipped="0" hostname="Minh-Hoang" name="com.mh.ta.login.TestLogin" tests="1" failures="0" timestamp="31 Jul 2017 15:26:42 GMT" time="4.390" errors="0">
  <testcase name="testLogin1" time="4.390" classname="com.mh.ta.login.TestLogin"/>
</testsuite> <!-- com.mh.ta.login.TestLogin -->
