<?xml version="1.0" encoding="UTF-8"?>
<!-- Generated by org.testng.reporters.JUnitReportReporter -->
<testsuite skipped="0" hostname="minhhoang.local" name="com.mh.ta.core.TestDriver" tests="2" failures="0" timestamp="04 Jul 2017 07:25:38 GMT" time="9.921" errors="0">
  <testcase name="testFirefoxDriver" time="5.602" classname="com.mh.ta.core.TestDriver"/>
  <testcase name="testChromeDriver" time="4.319" classname="com.mh.ta.core.TestDriver"/>
</testsuite> <!-- com.mh.ta.core.TestDriver -->
