<?xml version="1.0" encoding="UTF-8"?>
<!-- Generated by org.testng.reporters.JUnitReportReporter -->
<testsuite skipped="0" hostname="minhhoang.local" name="com.mh.ta.core.TestDriver" tests="2" failures="0" timestamp="07 Jul 2017 03:16:14 GMT" time="11.505" errors="0">
  <testcase name="testFirefoxDriver" time="5.300" classname="com.mh.ta.core.TestDriver"/>
  <testcase name="testChromeDriver" time="6.205" classname="com.mh.ta.core.TestDriver"/>
</testsuite> <!-- com.mh.ta.core.TestDriver -->
