<?xml version="1.0" encoding="UTF-8"?>
<!-- Generated by org.testng.reporters.JUnitReportReporter -->
<testsuite skipped="0" hostname="minhhoang.local" name="com.mh.ta.login.TestLogin" tests="1" failures="0" timestamp="08 Jul 2017 14:08:45 GMT" time="4.043" errors="0">
  <testcase name="testLogin" time="4.043" classname="com.mh.ta.login.TestLogin"/>
</testsuite> <!-- com.mh.ta.login.TestLogin -->
