<?xml version="1.0" encoding="UTF-8"?>
<!-- Generated by org.testng.reporters.JUnitReportReporter -->
<testsuite skipped="0" hostname="minhhoang.local" name="com.mh.ta.login.TestReflection" tests="3" failures="0" timestamp="01 Jul 2017 10:39:15 GMT" time="54.667" errors="0">
  <testcase name="testGoToGooleAndNews1" time="26.764" classname="com.mh.ta.login.TestReflection"/>
  <testcase name="testGoToGooleAndNews2" time="22.403" classname="com.mh.ta.login.TestReflection"/>
  <testcase name="testPageFactory" time="5.500" classname="com.mh.ta.login.TestReflection"/>
</testsuite> <!-- com.mh.ta.login.TestReflection -->
