<?xml version="1.0" encoding="UTF-8"?>
<!-- Generated by org.testng.reporters.JUnitReportReporter -->
<testsuite skipped="0" hostname="minhhoang.local" name="com.mh.ta.login.TestLogin" tests="2" failures="0" timestamp="09 Jul 2017 03:24:03 GMT" time="10.023" errors="0">
  <testcase name="testLogin1" time="4.124" classname="com.mh.ta.login.TestLogin"/>
  <testcase name="testLogin2" time="5.899" classname="com.mh.ta.login.TestLogin"/>
</testsuite> <!-- com.mh.ta.login.TestLogin -->
