<?xml version="1.0" encoding="UTF-8"?>
<!-- Generated by org.testng.reporters.JUnitReportReporter -->
<testsuite skipped="0" hostname="minhhoang.local" name="com.mh.ta.login.TestLogin" tests="2" failures="0" timestamp="12 Jul 2017 03:10:47 GMT" time="9.883" errors="0">
  <testcase name="testLogin1" time="4.098" classname="com.mh.ta.login.TestLogin"/>
  <testcase name="testLogin1" time="5.785" classname="com.mh.ta.login.TestLogin"/>
</testsuite> <!-- com.mh.ta.login.TestLogin -->
