<?xml version="1.0" encoding="UTF-8"?>
<!-- Generated by org.testng.reporters.JUnitReportReporter -->
<testsuite skipped="0" hostname="minhhoang.local" name="com.mh.ta.core.TestSettingsConfig" tests="1" failures="0" timestamp="04 Jul 2017 03:31:22 GMT" time="0.008" errors="0">
  <testcase name="testCanParseYaml" time="0.008" classname="com.mh.ta.core.TestSettingsConfig"/>
</testsuite> <!-- com.mh.ta.core.TestSettingsConfig -->
