<?xml version="1.0" encoding="UTF-8"?>
<!-- Generated by org.testng.reporters.JUnitReportReporter -->
<testsuite skipped="0" hostname="minhhoang.lan" name="com.mh.ta.base.TestGeneric" tests="1" failures="0" timestamp="05 Jul 2017 11:19:03 GMT" time="0.009" errors="0">
  <testcase name="testGenericType" time="0.009" classname="com.mh.ta.base.TestGeneric"/>
</testsuite> <!-- com.mh.ta.base.TestGeneric -->
