<?xml version="1.0" encoding="UTF-8"?>
<!-- Generated by org.testng.reporters.JUnitReportReporter -->
<testsuite skipped="0" hostname="minhhoang.local" name="com.mh.ta.utils.TestB" tests="4" failures="0" timestamp="11 Jul 2017 10:17:29 GMT" time="4.027" errors="0">
  <testcase name="B4" time="1.005" classname="com.mh.ta.utils.TestB"/>
  <testcase name="B2" time="1.002" classname="com.mh.ta.utils.TestB"/>
  <testcase name="B3" time="1.006" classname="com.mh.ta.utils.TestB"/>
  <testcase name="B1" time="1.014" classname="com.mh.ta.utils.TestB"/>
</testsuite> <!-- com.mh.ta.utils.TestB -->
