<?xml version="1.0" encoding="UTF-8"?>
<!-- Generated by org.testng.reporters.JUnitReportReporter -->
<testsuite skipped="0" hostname="minhhoang.local" name="com.mh.ta.utils.TestDataProvider" tests="10" failures="0" timestamp="11 Jul 2017 03:57:11 GMT" time="0.026" errors="0">
  <testcase name="testGroupA2" time="0.001" classname="com.mh.ta.utils.TestDataProvider"/>
  <testcase name="testGroupA1" time="0.001" classname="com.mh.ta.utils.TestDataProvider"/>
  <testcase name="testGroupA2" time="0.007" classname="com.mh.ta.utils.TestDataProvider"/>
  <testcase name="testGroupA2" time="0.002" classname="com.mh.ta.utils.TestDataProvider"/>
  <testcase name="testGroupA1" time="0.002" classname="com.mh.ta.utils.TestDataProvider"/>
  <testcase name="testGroupA2" time="0.002" classname="com.mh.ta.utils.TestDataProvider"/>
  <testcase name="testGroupA1" time="0.001" classname="com.mh.ta.utils.TestDataProvider"/>
  <testcase name="testGroupA2" time="0.001" classname="com.mh.ta.utils.TestDataProvider"/>
  <testcase name="testGroupA1" time="0.008" classname="com.mh.ta.utils.TestDataProvider"/>
  <testcase name="testGroupA1" time="0.001" classname="com.mh.ta.utils.TestDataProvider"/>
</testsuite> <!-- com.mh.ta.utils.TestDataProvider -->
