<?xml version="1.0" encoding="UTF-8"?>
<!-- Generated by org.testng.reporters.JUnitReportReporter -->
<testsuite skipped="0" hostname="minhhoang.local" name="com.mh.ta.login.TestLogin" tests="1" failures="0" timestamp="12 Jul 2017 04:15:05 GMT" time="9.057" errors="0">
  <testcase name="testLogin1" time="9.057" classname="com.mh.ta.login.TestLogin"/>
</testsuite> <!-- com.mh.ta.login.TestLogin -->
