<?xml version="1.0" encoding="UTF-8"?>
<!-- Generated by org.testng.reporters.JUnitReportReporter -->
<testsuite skipped="0" hostname="minhhoang.local" name="com.mh.ta.core.TestSettingsConfig" tests="1" failures="0" timestamp="07 Jul 2017 02:39:26 GMT" time="0.178" errors="0">
  <testcase name="testCanGetAnnotation" time="0.178" classname="com.mh.ta.core.TestSettingsConfig"/>
</testsuite> <!-- com.mh.ta.core.TestSettingsConfig -->
