<?xml version="1.0" encoding="UTF-8"?>
<!-- Generated by org.testng.reporters.JUnitReportReporter -->
<testsuite skipped="2" hostname="minhhoang.local" name="com.mh.ta.login.TestLogin" tests="3" failures="0" timestamp="08 Jul 2017 17:39:56 GMT" time="1.196" errors="0">
  <testcase name="testLogin3" time="1.196" classname="com.mh.ta.login.TestLogin"/>
  <testcase name="testLogin1" classname="com.mh.ta.login.TestLogin">
    <skipped/>
  </testcase> <!-- testLogin1 -->
  <testcase name="testLogin2" classname="com.mh.ta.login.TestLogin">
    <skipped/>
  </testcase> <!-- testLogin2 -->
</testsuite> <!-- com.mh.ta.login.TestLogin -->
