<?xml version="1.0" encoding="UTF-8"?>
<!-- Generated by org.testng.reporters.JUnitReportReporter -->
<testsuite skipped="0" hostname="minhhoang.local" name="com.mh.ta.login.TestPageObject" tests="1" failures="0" timestamp="08 Jul 2017 10:45:32 GMT" time="0.058" errors="0">
  <testcase name="testPage" time="0.058" classname="com.mh.ta.login.TestPageObject"/>
</testsuite> <!-- com.mh.ta.login.TestPageObject -->
