<?xml version="1.0" encoding="UTF-8"?>
<!-- Generated by org.testng.reporters.JUnitReportReporter -->
<testsuite skipped="1" hostname="minhhoang.local" name="com.mh.ta.test.webbrowser.TestMapBinder" tests="2" failures="0" timestamp="08 Jul 2017 02:44:20 GMT" time="2.477" errors="0">
  <testcase name="factoryServices" time="2.477" classname="com.mh.ta.test.webbrowser.TestMapBinder"/>
  <testcase name="testBinder" classname="com.mh.ta.test.webbrowser.TestMapBinder">
    <skipped/>
  </testcase> <!-- testBinder -->
</testsuite> <!-- com.mh.ta.test.webbrowser.TestMapBinder -->
