<?xml version="1.0" encoding="UTF-8"?>
<!-- Generated by org.testng.reporters.JUnitReportReporter -->
<testsuite skipped="0" hostname="minhhoang.local" name="com.mh.ta.test.webbrowser.TestChrome" tests="1" failures="0" timestamp="07 Jul 2017 09:25:30 GMT" time="0.011" errors="0">
  <testcase name="testCreateChrome" time="0.011" classname="com.mh.ta.test.webbrowser.TestChrome"/>
</testsuite> <!-- com.mh.ta.test.webbrowser.TestChrome -->
