<?xml version="1.0" encoding="UTF-8"?>
<!-- Generated by org.testng.reporters.JUnitReportReporter -->
<testsuite skipped="0" hostname="minhhoang.local" name="com.mh.ta.test.webbrowser.TestGeneric" tests="1" failures="0" timestamp="08 Jul 2017 13:30:33 GMT" time="9.944" errors="0">
  <testcase name="testGeneric" time="9.944" classname="com.mh.ta.test.webbrowser.TestGeneric"/>
</testsuite> <!-- com.mh.ta.test.webbrowser.TestGeneric -->
