<?xml version="1.0" encoding="UTF-8"?>
<!-- Generated by org.testng.reporters.JUnitReportReporter -->
<testsuite skipped="0" hostname="minhhoang.local" name="com.mh.ta.utils.TestState" tests="4" failures="0" timestamp="10 Jul 2017 08:46:49 GMT" time="0.010" errors="0">
  <testcase name="printHeight" time="0.001" classname="com.mh.ta.utils.TestState"/>
  <testcase name="printWidth" time="0.001" classname="com.mh.ta.utils.TestState"/>
  <testcase name="printHeight" time="0.007" classname="com.mh.ta.utils.TestState"/>
  <testcase name="printWidth" time="0.001" classname="com.mh.ta.utils.TestState"/>
</testsuite> <!-- com.mh.ta.utils.TestState -->
