<?xml version="1.0" encoding="UTF-8"?>
<!-- Generated by org.testng.reporters.JUnitReportReporter -->
<testsuite skipped="0" hostname="minhhoang.local" name="com.mh.ta.login.TestReflection" tests="1" failures="0" timestamp="30 Jun 2017 16:30:14 GMT" time="2.933" errors="0">
  <testcase name="testPageFactory" time="2.933" classname="com.mh.ta.login.TestReflection"/>
</testsuite> <!-- com.mh.ta.login.TestReflection -->
