<?xml version="1.0" encoding="UTF-8"?>
<!-- Generated by org.testng.reporters.JUnitReportReporter -->
<testsuite skipped="0" hostname="minhhoang.local" name="com.mh.ta.utils.TestDataProviderIteractor" tests="1000" failures="0" timestamp="11 Jul 2017 04:41:49 GMT" time="1.357" errors="0">
  <testcase name="testData" time="0.000" classname="com.mh.ta.utils.TestDataProviderIteractor"/>
  <testcase name="testData" time="0.001" classname="com.mh.ta.utils.TestDataProviderIteractor"/>
  <testcase name="testData" time="0.001" classname="com.mh.ta.utils.TestDataProviderIteractor"/>
  <testcase name="testData" time="0.001" classname="com.mh.ta.utils.TestDataProviderIteractor"/>
  <testcase name="testData" time="0.000" classname="com.mh.ta.utils.TestDataProviderIteractor"/>
  <testcase name="testData" time="0.000" classname="com.mh.ta.utils.TestDataProviderIteractor"/>
  <testcase name="testData" time="0.000" classname="com.mh.ta.utils.TestDataProviderIteractor"/>
  <testcase name="testData" time="0.000" classname="com.mh.ta.utils.TestDataProviderIteractor"/>
  <testcase name="testData" time="0.001" classname="com.mh.ta.utils.TestDataProviderIteractor"/>
  <testcase name="testData" time="0.000" classname="com.mh.ta.utils.TestDataProviderIteractor"/>
  <testcase name="testData" time="0.000" classname="com.mh.ta.utils.TestDataProviderIteractor"/>
  <testcase name="testData" time="0.000" classname="com.mh.ta.utils.TestDataProviderIteractor"/>
  <testcase name="testData" time="0.000" classname="com.mh.ta.utils.TestDataProviderIteractor"/>
  <testcase name="testData" time="0.000" classname="com.mh.ta.utils.TestDataProviderIteractor"/>
  <testcase name="testData" time="0.000" classname="com.mh.ta.utils.TestDataProviderIteractor"/>
  <testcase name="testData" time="0.001" classname="com.mh.ta.utils.TestDataProviderIteractor"/>
  <testcase name="testData" time="0.000" classname="com.mh.ta.utils.TestDataProviderIteractor"/>
  <testcase name="testData" time="0.000" classname="com.mh.ta.utils.TestDataProviderIteractor"/>
  <testcase name="testData" time="0.001" classname="com.mh.ta.utils.TestDataProviderIteractor"/>
  <testcase name="testData" time="0.000" classname="com.mh.ta.utils.TestDataProviderIteractor"/>
  <testcase name="testData" time="0.000" classname="com.mh.ta.utils.TestDataProviderIteractor"/>
  <testcase name="testData" time="0.001" classname="com.mh.ta.utils.TestDataProviderIteractor"/>
  <testcase name="testData" time="0.000" classname="com.mh.ta.utils.TestDataProviderIteractor"/>
  <testcase name="testData" time="0.000" classname="com.mh.ta.utils.TestDataProviderIteractor"/>
  <testcase name="testData" time="0.001" classname="com.mh.ta.utils.TestDataProviderIteractor"/>
  <testcase name="testData" time="0.001" classname="com.mh.ta.utils.TestDataProviderIteractor"/>
  <testcase name="testData" time="0.001" classname="com.mh.ta.utils.TestDataProviderIteractor"/>
  <testcase name="testData" time="0.000" classname="com.mh.ta.utils.TestDataProviderIteractor"/>
  <testcase name="testData" time="0.000" classname="com.mh.ta.utils.TestDataProviderIteractor"/>
  <testcase name="testData" time="0.001" classname="com.mh.ta.utils.TestDataProviderIteractor"/>
  <testcase name="testData" time="0.000" classname="com.mh.ta.utils.TestDataProviderIteractor"/>
  <testcase name="testData" time="0.000" classname="com.mh.ta.utils.TestDataProviderIteractor"/>
  <testcase name="testData" time="0.001" classname="com.mh.ta.utils.TestDataProviderIteractor"/>
  <testcase name="testData" time="0.000" classname="com.mh.ta.utils.TestDataProviderIteractor"/>
  <testcase name="testData" time="0.001" classname="com.mh.ta.utils.TestDataProviderIteractor"/>
  <testcase name="testData" time="0.000" classname="com.mh.ta.utils.TestDataProviderIteractor"/>
  <testcase name="testData" time="0.000" classname="com.mh.ta.utils.TestDataProviderIteractor"/>
  <testcase name="testData" time="0.001" classname="com.mh.ta.utils.TestDataProviderIteractor"/>
  <testcase name="testData" time="0.000" classname="com.mh.ta.utils.TestDataProviderIteractor"/>
  <testcase name="testData" time="0.000" classname="com.mh.ta.utils.TestDataProviderIteractor"/>
  <testcase name="testData" time="0.001" classname="com.mh.ta.utils.TestDataProviderIteractor"/>
  <testcase name="testData" time="0.000" classname="com.mh.ta.utils.TestDataProviderIteractor"/>
  <testcase name="testData" time="0.001" classname="com.mh.ta.utils.TestDataProviderIteractor"/>
  <testcase name="testData" time="0.001" classname="com.mh.ta.utils.TestDataProviderIteractor"/>
  <testcase name="testData" time="0.000" classname="com.mh.ta.utils.TestDataProviderIteractor"/>
  <testcase name="testData" time="0.000" classname="com.mh.ta.utils.TestDataProviderIteractor"/>
  <testcase name="testData" time="0.000" classname="com.mh.ta.utils.TestDataProviderIteractor"/>
  <testcase name="testData" time="0.000" classname="com.mh.ta.utils.TestDataProviderIteractor"/>
  <testcase name="testData" time="0.000" classname="com.mh.ta.utils.TestDataProviderIteractor"/>
  <testcase name="testData" time="0.000" classname="com.mh.ta.utils.TestDataProviderIteractor"/>
  <testcase name="testData" time="0.001" classname="com.mh.ta.utils.TestDataProviderIteractor"/>
  <testcase name="testData" time="0.000" classname="com.mh.ta.utils.TestDataProviderIteractor"/>
  <testcase name="testData" time="0.000" classname="com.mh.ta.utils.TestDataProviderIteractor"/>
  <testcase name="testData" time="0.000" classname="com.mh.ta.utils.TestDataProviderIteractor"/>
  <testcase name="testData" time="0.000" classname="com.mh.ta.utils.TestDataProviderIteractor"/>
  <testcase name="testData" time="0.000" classname="com.mh.ta.utils.TestDataProviderIteractor"/>
  <testcase name="testData" time="0.001" classname="com.mh.ta.utils.TestDataProviderIteractor"/>
  <testcase name="testData" time="0.000" classname="com.mh.ta.utils.TestDataProviderIteractor"/>
  <testcase name="testData" time="0.000" classname="com.mh.ta.utils.TestDataProviderIteractor"/>
  <testcase name="testData" time="0.000" classname="com.mh.ta.utils.TestDataProviderIteractor"/>
  <testcase name="testData" time="0.001" classname="com.mh.ta.utils.TestDataProviderIteractor"/>
  <testcase name="testData" time="0.000" classname="com.mh.ta.utils.TestDataProviderIteractor"/>
  <testcase name="testData" time="0.000" classname="com.mh.ta.utils.TestDataProviderIteractor"/>
  <testcase name="testData" time="0.000" classname="com.mh.ta.utils.TestDataProviderIteractor"/>
  <testcase name="testData" time="0.000" classname="com.mh.ta.utils.TestDataProviderIteractor"/>
  <testcase name="testData" time="0.000" classname="com.mh.ta.utils.TestDataProviderIteractor"/>
  <testcase name="testData" time="0.000" classname="com.mh.ta.utils.TestDataProviderIteractor"/>
  <testcase name="testData" time="0.000" classname="com.mh.ta.utils.TestDataProviderIteractor"/>
  <testcase name="testData" time="0.000" classname="com.mh.ta.utils.TestDataProviderIteractor"/>
  <testcase name="testData" time="0.000" classname="com.mh.ta.utils.TestDataProviderIteractor"/>
  <testcase name="testData" time="0.000" classname="com.mh.ta.utils.TestDataProviderIteractor"/>
  <testcase name="testData" time="0.000" classname="com.mh.ta.utils.TestDataProviderIteractor"/>
  <testcase name="testData" time="0.001" classname="com.mh.ta.utils.TestDataProviderIteractor"/>
  <testcase name="testData" time="0.000" classname="com.mh.ta.utils.TestDataProviderIteractor"/>
  <testcase name="testData" time="0.001" classname="com.mh.ta.utils.TestDataProviderIteractor"/>
  <testcase name="testData" time="0.000" classname="com.mh.ta.utils.TestDataProviderIteractor"/>
  <testcase name="testData" time="0.000" classname="com.mh.ta.utils.TestDataProviderIteractor"/>
  <testcase name="testData" time="0.000" classname="com.mh.ta.utils.TestDataProviderIteractor"/>
  <testcase name="testData" time="0.000" classname="com.mh.ta.utils.TestDataProviderIteractor"/>
  <testcase name="testData" time="0.000" classname="com.mh.ta.utils.TestDataProviderIteractor"/>
  <testcase name="testData" time="0.001" classname="com.mh.ta.utils.TestDataProviderIteractor"/>
  <testcase name="testData" time="0.000" classname="com.mh.ta.utils.TestDataProviderIteractor"/>
  <testcase name="testData" time="0.000" classname="com.mh.ta.utils.TestDataProviderIteractor"/>
  <testcase name="testData" time="0.000" classname="com.mh.ta.utils.TestDataProviderIteractor"/>
  <testcase name="testData" time="0.000" classname="com.mh.ta.utils.TestDataProviderIteractor"/>
  <testcase name="testData" time="0.000" classname="com.mh.ta.utils.TestDataProviderIteractor"/>
  <testcase name="testData" time="0.000" classname="com.mh.ta.utils.TestDataProviderIteractor"/>
  <testcase name="testData" time="0.001" classname="com.mh.ta.utils.TestDataProviderIteractor"/>
  <testcase name="testData" time="0.000" classname="com.mh.ta.utils.TestDataProviderIteractor"/>
  <testcase name="testData" time="0.000" classname="com.mh.ta.utils.TestDataProviderIteractor"/>
  <testcase name="testData" time="0.000" classname="com.mh.ta.utils.TestDataProviderIteractor"/>
  <testcase name="testData" time="0.001" classname="com.mh.ta.utils.TestDataProviderIteractor"/>
  <testcase name="testData" time="0.001" classname="com.mh.ta.utils.TestDataProviderIteractor"/>
  <testcase name="testData" time="0.000" classname="com.mh.ta.utils.TestDataProviderIteractor"/>
  <testcase name="testData" time="0.000" classname="com.mh.ta.utils.TestDataProviderIteractor"/>
  <testcase name="testData" time="0.000" classname="com.mh.ta.utils.TestDataProviderIteractor"/>
  <testcase name="testData" time="0.000" classname="com.mh.ta.utils.TestDataProviderIteractor"/>
  <testcase name="testData" time="0.000" classname="com.mh.ta.utils.TestDataProviderIteractor"/>
  <testcase name="testData" time="0.000" classname="com.mh.ta.utils.TestDataProviderIteractor"/>
  <testcase name="testData" time="0.000" classname="com.mh.ta.utils.TestDataProviderIteractor"/>
  <testcase name="testData" time="0.000" classname="com.mh.ta.utils.TestDataProviderIteractor"/>
  <testcase name="testData" time="0.000" classname="com.mh.ta.utils.TestDataProviderIteractor"/>
  <testcase name="testData" time="0.001" classname="com.mh.ta.utils.TestDataProviderIteractor"/>
  <testcase name="testData" time="0.000" classname="com.mh.ta.utils.TestDataProviderIteractor"/>
  <testcase name="testData" time="0.001" classname="com.mh.ta.utils.TestDataProviderIteractor"/>
  <testcase name="testData" time="0.000" classname="com.mh.ta.utils.TestDataProviderIteractor"/>
  <testcase name="testData" time="0.000" classname="com.mh.ta.utils.TestDataProviderIteractor"/>
  <testcase name="testData" time="0.000" classname="com.mh.ta.utils.TestDataProviderIteractor"/>
  <testcase name="testData" time="0.000" classname="com.mh.ta.utils.TestDataProviderIteractor"/>
  <testcase name="testData" time="0.000" classname="com.mh.ta.utils.TestDataProviderIteractor"/>
  <testcase name="testData" time="0.000" classname="com.mh.ta.utils.TestDataProviderIteractor"/>
  <testcase name="testData" time="0.000" classname="com.mh.ta.utils.TestDataProviderIteractor"/>
  <testcase name="testData" time="0.001" classname="com.mh.ta.utils.TestDataProviderIteractor"/>
  <testcase name="testData" time="0.000" classname="com.mh.ta.utils.TestDataProviderIteractor"/>
  <testcase name="testData" time="0.001" classname="com.mh.ta.utils.TestDataProviderIteractor"/>
  <testcase name="testData" time="0.000" classname="com.mh.ta.utils.TestDataProviderIteractor"/>
  <testcase name="testData" time="0.000" classname="com.mh.ta.utils.TestDataProviderIteractor"/>
  <testcase name="testData" time="0.001" classname="com.mh.ta.utils.TestDataProviderIteractor"/>
  <testcase name="testData" time="0.000" classname="com.mh.ta.utils.TestDataProviderIteractor"/>
  <testcase name="testData" time="0.000" classname="com.mh.ta.utils.TestDataProviderIteractor"/>
  <testcase name="testData" time="0.001" classname="com.mh.ta.utils.TestDataProviderIteractor"/>
  <testcase name="testData" time="0.000" classname="com.mh.ta.utils.TestDataProviderIteractor"/>
  <testcase name="testData" time="0.000" classname="com.mh.ta.utils.TestDataProviderIteractor"/>
  <testcase name="testData" time="0.000" classname="com.mh.ta.utils.TestDataProviderIteractor"/>
  <testcase name="testData" time="0.000" classname="com.mh.ta.utils.TestDataProviderIteractor"/>
  <testcase name="testData" time="0.000" classname="com.mh.ta.utils.TestDataProviderIteractor"/>
  <testcase name="testData" time="0.000" classname="com.mh.ta.utils.TestDataProviderIteractor"/>
  <testcase name="testData" time="0.001" classname="com.mh.ta.utils.TestDataProviderIteractor"/>
  <testcase name="testData" time="0.000" classname="com.mh.ta.utils.TestDataProviderIteractor"/>
  <testcase name="testData" time="0.000" classname="com.mh.ta.utils.TestDataProviderIteractor"/>
  <testcase name="testData" time="0.000" classname="com.mh.ta.utils.TestDataProviderIteractor"/>
  <testcase name="testData" time="0.001" classname="com.mh.ta.utils.TestDataProviderIteractor"/>
  <testcase name="testData" time="0.000" classname="com.mh.ta.utils.TestDataProviderIteractor"/>
  <testcase name="testData" time="0.000" classname="com.mh.ta.utils.TestDataProviderIteractor"/>
  <testcase name="testData" time="0.000" classname="com.mh.ta.utils.TestDataProviderIteractor"/>
  <testcase name="testData" time="0.000" classname="com.mh.ta.utils.TestDataProviderIteractor"/>
  <testcase name="testData" time="0.000" classname="com.mh.ta.utils.TestDataProviderIteractor"/>
  <testcase name="testData" time="0.000" classname="com.mh.ta.utils.TestDataProviderIteractor"/>
  <testcase name="testData" time="0.000" classname="com.mh.ta.utils.TestDataProviderIteractor"/>
  <testcase name="testData" time="0.000" classname="com.mh.ta.utils.TestDataProviderIteractor"/>
  <testcase name="testData" time="0.000" classname="com.mh.ta.utils.TestDataProviderIteractor"/>
  <testcase name="testData" time="0.000" classname="com.mh.ta.utils.TestDataProviderIteractor"/>
  <testcase name="testData" time="0.000" classname="com.mh.ta.utils.TestDataProviderIteractor"/>
  <testcase name="testData" time="0.001" classname="com.mh.ta.utils.TestDataProviderIteractor"/>
  <testcase name="testData" time="0.000" classname="com.mh.ta.utils.TestDataProviderIteractor"/>
  <testcase name="testData" time="0.000" classname="com.mh.ta.utils.TestDataProviderIteractor"/>
  <testcase name="testData" time="0.000" classname="com.mh.ta.utils.TestDataProviderIteractor"/>
  <testcase name="testData" time="0.001" classname="com.mh.ta.utils.TestDataProviderIteractor"/>
  <testcase name="testData" time="0.000" classname="com.mh.ta.utils.TestDataProviderIteractor"/>
  <testcase name="testData" time="0.000" classname="com.mh.ta.utils.TestDataProviderIteractor"/>
  <testcase name="testData" time="0.001" classname="com.mh.ta.utils.TestDataProviderIteractor"/>
  <testcase name="testData" time="0.000" classname="com.mh.ta.utils.TestDataProviderIteractor"/>
  <testcase name="testData" time="0.001" classname="com.mh.ta.utils.TestDataProviderIteractor"/>
  <testcase name="testData" time="0.000" classname="com.mh.ta.utils.TestDataProviderIteractor"/>
  <testcase name="testData" time="0.000" classname="com.mh.ta.utils.TestDataProviderIteractor"/>
  <testcase name="testData" time="0.000" classname="com.mh.ta.utils.TestDataProviderIteractor"/>
  <testcase name="testData" time="0.001" classname="com.mh.ta.utils.TestDataProviderIteractor"/>
  <testcase name="testData" time="0.000" classname="com.mh.ta.utils.TestDataProviderIteractor"/>
  <testcase name="testData" time="0.001" classname="com.mh.ta.utils.TestDataProviderIteractor"/>
  <testcase name="testData" time="0.000" classname="com.mh.ta.utils.TestDataProviderIteractor"/>
  <testcase name="testData" time="0.000" classname="com.mh.ta.utils.TestDataProviderIteractor"/>
  <testcase name="testData" time="0.000" classname="com.mh.ta.utils.TestDataProviderIteractor"/>
  <testcase name="testData" time="0.000" classname="com.mh.ta.utils.TestDataProviderIteractor"/>
  <testcase name="testData" time="0.001" classname="com.mh.ta.utils.TestDataProviderIteractor"/>
  <testcase name="testData" time="0.000" classname="com.mh.ta.utils.TestDataProviderIteractor"/>
  <testcase name="testData" time="0.000" classname="com.mh.ta.utils.TestDataProviderIteractor"/>
  <testcase name="testData" time="0.000" classname="com.mh.ta.utils.TestDataProviderIteractor"/>
  <testcase name="testData" time="0.000" classname="com.mh.ta.utils.TestDataProviderIteractor"/>
  <testcase name="testData" time="0.000" classname="com.mh.ta.utils.TestDataProviderIteractor"/>
  <testcase name="testData" time="0.000" classname="com.mh.ta.utils.TestDataProviderIteractor"/>
  <testcase name="testData" time="0.001" classname="com.mh.ta.utils.TestDataProviderIteractor"/>
  <testcase name="testData" time="0.001" classname="com.mh.ta.utils.TestDataProviderIteractor"/>
  <testcase name="testData" time="0.000" classname="com.mh.ta.utils.TestDataProviderIteractor"/>
  <testcase name="testData" time="0.001" classname="com.mh.ta.utils.TestDataProviderIteractor"/>
  <testcase name="testData" time="0.000" classname="com.mh.ta.utils.TestDataProviderIteractor"/>
  <testcase name="testData" time="0.001" classname="com.mh.ta.utils.TestDataProviderIteractor"/>
  <testcase name="testData" time="0.000" classname="com.mh.ta.utils.TestDataProviderIteractor"/>
  <testcase name="testData" time="0.000" classname="com.mh.ta.utils.TestDataProviderIteractor"/>
  <testcase name="testData" time="0.001" classname="com.mh.ta.utils.TestDataProviderIteractor"/>
  <testcase name="testData" time="0.001" classname="com.mh.ta.utils.TestDataProviderIteractor"/>
  <testcase name="testData" time="0.001" classname="com.mh.ta.utils.TestDataProviderIteractor"/>
  <testcase name="testData" time="0.000" classname="com.mh.ta.utils.TestDataProviderIteractor"/>
  <testcase name="testData" time="0.000" classname="com.mh.ta.utils.TestDataProviderIteractor"/>
  <testcase name="testData" time="0.000" classname="com.mh.ta.utils.TestDataProviderIteractor"/>
  <testcase name="testData" time="0.000" classname="com.mh.ta.utils.TestDataProviderIteractor"/>
  <testcase name="testData" time="0.000" classname="com.mh.ta.utils.TestDataProviderIteractor"/>
  <testcase name="testData" time="0.001" classname="com.mh.ta.utils.TestDataProviderIteractor"/>
  <testcase name="testData" time="0.001" classname="com.mh.ta.utils.TestDataProviderIteractor"/>
  <testcase name="testData" time="0.000" classname="com.mh.ta.utils.TestDataProviderIteractor"/>
  <testcase name="testData" time="0.001" classname="com.mh.ta.utils.TestDataProviderIteractor"/>
  <testcase name="testData" time="0.000" classname="com.mh.ta.utils.TestDataProviderIteractor"/>
  <testcase name="testData" time="0.000" classname="com.mh.ta.utils.TestDataProviderIteractor"/>
  <testcase name="testData" time="0.001" classname="com.mh.ta.utils.TestDataProviderIteractor"/>
  <testcase name="testData" time="0.000" classname="com.mh.ta.utils.TestDataProviderIteractor"/>
  <testcase name="testData" time="0.001" classname="com.mh.ta.utils.TestDataProviderIteractor"/>
  <testcase name="testData" time="0.000" classname="com.mh.ta.utils.TestDataProviderIteractor"/>
  <testcase name="testData" time="0.000" classname="com.mh.ta.utils.TestDataProviderIteractor"/>
  <testcase name="testData" time="0.000" classname="com.mh.ta.utils.TestDataProviderIteractor"/>
  <testcase name="testData" time="0.000" classname="com.mh.ta.utils.TestDataProviderIteractor"/>
  <testcase name="testData" time="0.000" classname="com.mh.ta.utils.TestDataProviderIteractor"/>
  <testcase name="testData" time="0.000" classname="com.mh.ta.utils.TestDataProviderIteractor"/>
  <testcase name="testData" time="0.000" classname="com.mh.ta.utils.TestDataProviderIteractor"/>
  <testcase name="testData" time="0.001" classname="com.mh.ta.utils.TestDataProviderIteractor"/>
  <testcase name="testData" time="0.000" classname="com.mh.ta.utils.TestDataProviderIteractor"/>
  <testcase name="testData" time="0.000" classname="com.mh.ta.utils.TestDataProviderIteractor"/>
  <testcase name="testData" time="0.000" classname="com.mh.ta.utils.TestDataProviderIteractor"/>
  <testcase name="testData" time="0.000" classname="com.mh.ta.utils.TestDataProviderIteractor"/>
  <testcase name="testData" time="0.000" classname="com.mh.ta.utils.TestDataProviderIteractor"/>
  <testcase name="testData" time="0.000" classname="com.mh.ta.utils.TestDataProviderIteractor"/>
  <testcase name="testData" time="0.000" classname="com.mh.ta.utils.TestDataProviderIteractor"/>
  <testcase name="testData" time="0.001" classname="com.mh.ta.utils.TestDataProviderIteractor"/>
  <testcase name="testData" time="0.001" classname="com.mh.ta.utils.TestDataProviderIteractor"/>
  <testcase name="testData" time="0.000" classname="com.mh.ta.utils.TestDataProviderIteractor"/>
  <testcase name="testData" time="0.000" classname="com.mh.ta.utils.TestDataProviderIteractor"/>
  <testcase name="testData" time="0.000" classname="com.mh.ta.utils.TestDataProviderIteractor"/>
  <testcase name="testData" time="0.000" classname="com.mh.ta.utils.TestDataProviderIteractor"/>
  <testcase name="testData" time="0.000" classname="com.mh.ta.utils.TestDataProviderIteractor"/>
  <testcase name="testData" time="0.000" classname="com.mh.ta.utils.TestDataProviderIteractor"/>
  <testcase name="testData" time="0.000" classname="com.mh.ta.utils.TestDataProviderIteractor"/>
  <testcase name="testData" time="0.001" classname="com.mh.ta.utils.TestDataProviderIteractor"/>
  <testcase name="testData" time="0.000" classname="com.mh.ta.utils.TestDataProviderIteractor"/>
  <testcase name="testData" time="0.000" classname="com.mh.ta.utils.TestDataProviderIteractor"/>
  <testcase name="testData" time="0.001" classname="com.mh.ta.utils.TestDataProviderIteractor"/>
  <testcase name="testData" time="0.000" classname="com.mh.ta.utils.TestDataProviderIteractor"/>
  <testcase name="testData" time="0.001" classname="com.mh.ta.utils.TestDataProviderIteractor"/>
  <testcase name="testData" time="0.001" classname="com.mh.ta.utils.TestDataProviderIteractor"/>
  <testcase name="testData" time="0.000" classname="com.mh.ta.utils.TestDataProviderIteractor"/>
  <testcase name="testData" time="0.001" classname="com.mh.ta.utils.TestDataProviderIteractor"/>
  <testcase name="testData" time="0.000" classname="com.mh.ta.utils.TestDataProviderIteractor"/>
  <testcase name="testData" time="0.000" classname="com.mh.ta.utils.TestDataProviderIteractor"/>
  <testcase name="testData" time="0.000" classname="com.mh.ta.utils.TestDataProviderIteractor"/>
  <testcase name="testData" time="0.000" classname="com.mh.ta.utils.TestDataProviderIteractor"/>
  <testcase name="testData" time="0.000" classname="com.mh.ta.utils.TestDataProviderIteractor"/>
  <testcase name="testData" time="0.000" classname="com.mh.ta.utils.TestDataProviderIteractor"/>
  <testcase name="testData" time="0.000" classname="com.mh.ta.utils.TestDataProviderIteractor"/>
  <testcase name="testData" time="0.001" classname="com.mh.ta.utils.TestDataProviderIteractor"/>
  <testcase name="testData" time="0.000" classname="com.mh.ta.utils.TestDataProviderIteractor"/>
  <testcase name="testData" time="0.001" classname="com.mh.ta.utils.TestDataProviderIteractor"/>
  <testcase name="testData" time="0.001" classname="com.mh.ta.utils.TestDataProviderIteractor"/>
  <testcase name="testData" time="0.000" classname="com.mh.ta.utils.TestDataProviderIteractor"/>
  <testcase name="testData" time="0.001" classname="com.mh.ta.utils.TestDataProviderIteractor"/>
  <testcase name="testData" time="0.001" classname="com.mh.ta.utils.TestDataProviderIteractor"/>
  <testcase name="testData" time="0.000" classname="com.mh.ta.utils.TestDataProviderIteractor"/>
  <testcase name="testData" time="0.000" classname="com.mh.ta.utils.TestDataProviderIteractor"/>
  <testcase name="testData" time="0.000" classname="com.mh.ta.utils.TestDataProviderIteractor"/>
  <testcase name="testData" time="0.001" classname="com.mh.ta.utils.TestDataProviderIteractor"/>
  <testcase name="testData" time="0.001" classname="com.mh.ta.utils.TestDataProviderIteractor"/>
  <testcase name="testData" time="0.001" classname="com.mh.ta.utils.TestDataProviderIteractor"/>
  <testcase name="testData" time="0.000" classname="com.mh.ta.utils.TestDataProviderIteractor"/>
  <testcase name="testData" time="0.000" classname="com.mh.ta.utils.TestDataProviderIteractor"/>
  <testcase name="testData" time="0.000" classname="com.mh.ta.utils.TestDataProviderIteractor"/>
  <testcase name="testData" time="0.000" classname="com.mh.ta.utils.TestDataProviderIteractor"/>
  <testcase name="testData" time="0.000" classname="com.mh.ta.utils.TestDataProviderIteractor"/>
  <testcase name="testData" time="0.001" classname="com.mh.ta.utils.TestDataProviderIteractor"/>
  <testcase name="testData" time="0.000" classname="com.mh.ta.utils.TestDataProviderIteractor"/>
  <testcase name="testData" time="0.000" classname="com.mh.ta.utils.TestDataProviderIteractor"/>
  <testcase name="testData" time="0.000" classname="com.mh.ta.utils.TestDataProviderIteractor"/>
  <testcase name="testData" time="0.000" classname="com.mh.ta.utils.TestDataProviderIteractor"/>
  <testcase name="testData" time="0.000" classname="com.mh.ta.utils.TestDataProviderIteractor"/>
  <testcase name="testData" time="0.000" classname="com.mh.ta.utils.TestDataProviderIteractor"/>
  <testcase name="testData" time="0.000" classname="com.mh.ta.utils.TestDataProviderIteractor"/>
  <testcase name="testData" time="0.000" classname="com.mh.ta.utils.TestDataProviderIteractor"/>
  <testcase name="testData" time="0.000" classname="com.mh.ta.utils.TestDataProviderIteractor"/>
  <testcase name="testData" time="0.000" classname="com.mh.ta.utils.TestDataProviderIteractor"/>
  <testcase name="testData" time="0.000" classname="com.mh.ta.utils.TestDataProviderIteractor"/>
  <testcase name="testData" time="0.000" classname="com.mh.ta.utils.TestDataProviderIteractor"/>
  <testcase name="testData" time="0.000" classname="com.mh.ta.utils.TestDataProviderIteractor"/>
  <testcase name="testData" time="0.000" classname="com.mh.ta.utils.TestDataProviderIteractor"/>
  <testcase name="testData" time="0.001" classname="com.mh.ta.utils.TestDataProviderIteractor"/>
  <testcase name="testData" time="0.000" classname="com.mh.ta.utils.TestDataProviderIteractor"/>
  <testcase name="testData" time="0.001" classname="com.mh.ta.utils.TestDataProviderIteractor"/>
  <testcase name="testData" time="0.001" classname="com.mh.ta.utils.TestDataProviderIteractor"/>
  <testcase name="testData" time="0.002" classname="com.mh.ta.utils.TestDataProviderIteractor"/>
  <testcase name="testData" time="0.001" classname="com.mh.ta.utils.TestDataProviderIteractor"/>
  <testcase name="testData" time="0.001" classname="com.mh.ta.utils.TestDataProviderIteractor"/>
  <testcase name="testData" time="0.000" classname="com.mh.ta.utils.TestDataProviderIteractor"/>
  <testcase name="testData" time="0.000" classname="com.mh.ta.utils.TestDataProviderIteractor"/>
  <testcase name="testData" time="0.000" classname="com.mh.ta.utils.TestDataProviderIteractor"/>
  <testcase name="testData" time="0.000" classname="com.mh.ta.utils.TestDataProviderIteractor"/>
  <testcase name="testData" time="0.000" classname="com.mh.ta.utils.TestDataProviderIteractor"/>
  <testcase name="testData" time="0.001" classname="com.mh.ta.utils.TestDataProviderIteractor"/>
  <testcase name="testData" time="0.000" classname="com.mh.ta.utils.TestDataProviderIteractor"/>
  <testcase name="testData" time="0.000" classname="com.mh.ta.utils.TestDataProviderIteractor"/>
  <testcase name="testData" time="0.000" classname="com.mh.ta.utils.TestDataProviderIteractor"/>
  <testcase name="testData" time="0.000" classname="com.mh.ta.utils.TestDataProviderIteractor"/>
  <testcase name="testData" time="0.000" classname="com.mh.ta.utils.TestDataProviderIteractor"/>
  <testcase name="testData" time="0.000" classname="com.mh.ta.utils.TestDataProviderIteractor"/>
  <testcase name="testData" time="0.000" classname="com.mh.ta.utils.TestDataProviderIteractor"/>
  <testcase name="testData" time="0.000" classname="com.mh.ta.utils.TestDataProviderIteractor"/>
  <testcase name="testData" time="0.000" classname="com.mh.ta.utils.TestDataProviderIteractor"/>
  <testcase name="testData" time="0.000" classname="com.mh.ta.utils.TestDataProviderIteractor"/>
  <testcase name="testData" time="0.000" classname="com.mh.ta.utils.TestDataProviderIteractor"/>
  <testcase name="testData" time="0.001" classname="com.mh.ta.utils.TestDataProviderIteractor"/>
  <testcase name="testData" time="0.000" classname="com.mh.ta.utils.TestDataProviderIteractor"/>
  <testcase name="testData" time="0.001" classname="com.mh.ta.utils.TestDataProviderIteractor"/>
  <testcase name="testData" time="0.000" classname="com.mh.ta.utils.TestDataProviderIteractor"/>
  <testcase name="testData" time="0.001" classname="com.mh.ta.utils.TestDataProviderIteractor"/>
  <testcase name="testData" time="0.001" classname="com.mh.ta.utils.TestDataProviderIteractor"/>
  <testcase name="testData" time="0.001" classname="com.mh.ta.utils.TestDataProviderIteractor"/>
  <testcase name="testData" time="0.001" classname="com.mh.ta.utils.TestDataProviderIteractor"/>
  <testcase name="testData" time="0.000" classname="com.mh.ta.utils.TestDataProviderIteractor"/>
  <testcase name="testData" time="0.000" classname="com.mh.ta.utils.TestDataProviderIteractor"/>
  <testcase name="testData" time="0.000" classname="com.mh.ta.utils.TestDataProviderIteractor"/>
  <testcase name="testData" time="0.000" classname="com.mh.ta.utils.TestDataProviderIteractor"/>
  <testcase name="testData" time="0.001" classname="com.mh.ta.utils.TestDataProviderIteractor"/>
  <testcase name="testData" time="0.000" classname="com.mh.ta.utils.TestDataProviderIteractor"/>
  <testcase name="testData" time="0.000" classname="com.mh.ta.utils.TestDataProviderIteractor"/>
  <testcase name="testData" time="0.000" classname="com.mh.ta.utils.TestDataProviderIteractor"/>
  <testcase name="testData" time="0.000" classname="com.mh.ta.utils.TestDataProviderIteractor"/>
  <testcase name="testData" time="0.000" classname="com.mh.ta.utils.TestDataProviderIteractor"/>
  <testcase name="testData" time="0.000" classname="com.mh.ta.utils.TestDataProviderIteractor"/>
  <testcase name="testData" time="0.000" classname="com.mh.ta.utils.TestDataProviderIteractor"/>
  <testcase name="testData" time="0.001" classname="com.mh.ta.utils.TestDataProviderIteractor"/>
  <testcase name="testData" time="0.000" classname="com.mh.ta.utils.TestDataProviderIteractor"/>
  <testcase name="testData" time="0.000" classname="com.mh.ta.utils.TestDataProviderIteractor"/>
  <testcase name="testData" time="0.000" classname="com.mh.ta.utils.TestDataProviderIteractor"/>
  <testcase name="testData" time="0.001" classname="com.mh.ta.utils.TestDataProviderIteractor"/>
  <testcase name="testData" time="0.000" classname="com.mh.ta.utils.TestDataProviderIteractor"/>
  <testcase name="testData" time="0.000" classname="com.mh.ta.utils.TestDataProviderIteractor"/>
  <testcase name="testData" time="0.000" classname="com.mh.ta.utils.TestDataProviderIteractor"/>
  <testcase name="testData" time="0.000" classname="com.mh.ta.utils.TestDataProviderIteractor"/>
  <testcase name="testData" time="0.000" classname="com.mh.ta.utils.TestDataProviderIteractor"/>
  <testcase name="testData" time="0.000" classname="com.mh.ta.utils.TestDataProviderIteractor"/>
  <testcase name="testData" time="0.000" classname="com.mh.ta.utils.TestDataProviderIteractor"/>
  <testcase name="testData" time="0.000" classname="com.mh.ta.utils.TestDataProviderIteractor"/>
  <testcase name="testData" time="0.000" classname="com.mh.ta.utils.TestDataProviderIteractor"/>
  <testcase name="testData" time="0.000" classname="com.mh.ta.utils.TestDataProviderIteractor"/>
  <testcase name="testData" time="0.001" classname="com.mh.ta.utils.TestDataProviderIteractor"/>
  <testcase name="testData" time="0.001" classname="com.mh.ta.utils.TestDataProviderIteractor"/>
  <testcase name="testData" time="0.000" classname="com.mh.ta.utils.TestDataProviderIteractor"/>
  <testcase name="testData" time="0.001" classname="com.mh.ta.utils.TestDataProviderIteractor"/>
  <testcase name="testData" time="0.000" classname="com.mh.ta.utils.TestDataProviderIteractor"/>
  <testcase name="testData" time="0.000" classname="com.mh.ta.utils.TestDataProviderIteractor"/>
  <testcase name="testData" time="0.000" classname="com.mh.ta.utils.TestDataProviderIteractor"/>
  <testcase name="testData" time="0.000" classname="com.mh.ta.utils.TestDataProviderIteractor"/>
  <testcase name="testData" time="0.001" classname="com.mh.ta.utils.TestDataProviderIteractor"/>
  <testcase name="testData" time="0.000" classname="com.mh.ta.utils.TestDataProviderIteractor"/>
  <testcase name="testData" time="0.000" classname="com.mh.ta.utils.TestDataProviderIteractor"/>
  <testcase name="testData" time="0.000" classname="com.mh.ta.utils.TestDataProviderIteractor"/>
  <testcase name="testData" time="0.000" classname="com.mh.ta.utils.TestDataProviderIteractor"/>
  <testcase name="testData" time="0.000" classname="com.mh.ta.utils.TestDataProviderIteractor"/>
  <testcase name="testData" time="0.000" classname="com.mh.ta.utils.TestDataProviderIteractor"/>
  <testcase name="testData" time="0.000" classname="com.mh.ta.utils.TestDataProviderIteractor"/>
  <testcase name="testData" time="0.000" classname="com.mh.ta.utils.TestDataProviderIteractor"/>
  <testcase name="testData" time="0.000" classname="com.mh.ta.utils.TestDataProviderIteractor"/>
  <testcase name="testData" time="0.000" classname="com.mh.ta.utils.TestDataProviderIteractor"/>
  <testcase name="testData" time="0.000" classname="com.mh.ta.utils.TestDataProviderIteractor"/>
  <testcase name="testData" time="0.000" classname="com.mh.ta.utils.TestDataProviderIteractor"/>
  <testcase name="testData" time="0.001" classname="com.mh.ta.utils.TestDataProviderIteractor"/>
  <testcase name="testData" time="0.000" classname="com.mh.ta.utils.TestDataProviderIteractor"/>
  <testcase name="testData" time="0.001" classname="com.mh.ta.utils.TestDataProviderIteractor"/>
  <testcase name="testData" time="0.000" classname="com.mh.ta.utils.TestDataProviderIteractor"/>
  <testcase name="testData" time="0.000" classname="com.mh.ta.utils.TestDataProviderIteractor"/>
  <testcase name="testData" time="0.000" classname="com.mh.ta.utils.TestDataProviderIteractor"/>
  <testcase name="testData" time="0.000" classname="com.mh.ta.utils.TestDataProviderIteractor"/>
  <testcase name="testData" time="0.001" classname="com.mh.ta.utils.TestDataProviderIteractor"/>
  <testcase name="testData" time="0.000" classname="com.mh.ta.utils.TestDataProviderIteractor"/>
  <testcase name="testData" time="0.000" classname="com.mh.ta.utils.TestDataProviderIteractor"/>
  <testcase name="testData" time="0.000" classname="com.mh.ta.utils.TestDataProviderIteractor"/>
  <testcase name="testData" time="0.000" classname="com.mh.ta.utils.TestDataProviderIteractor"/>
  <testcase name="testData" time="0.001" classname="com.mh.ta.utils.TestDataProviderIteractor"/>
  <testcase name="testData" time="0.001" classname="com.mh.ta.utils.TestDataProviderIteractor"/>
  <testcase name="testData" time="0.000" classname="com.mh.ta.utils.TestDataProviderIteractor"/>
  <testcase name="testData" time="0.001" classname="com.mh.ta.utils.TestDataProviderIteractor"/>
  <testcase name="testData" time="0.001" classname="com.mh.ta.utils.TestDataProviderIteractor"/>
  <testcase name="testData" time="0.000" classname="com.mh.ta.utils.TestDataProviderIteractor"/>
  <testcase name="testData" time="0.000" classname="com.mh.ta.utils.TestDataProviderIteractor"/>
  <testcase name="testData" time="0.000" classname="com.mh.ta.utils.TestDataProviderIteractor"/>
  <testcase name="testData" time="0.000" classname="com.mh.ta.utils.TestDataProviderIteractor"/>
  <testcase name="testData" time="0.000" classname="com.mh.ta.utils.TestDataProviderIteractor"/>
  <testcase name="testData" time="0.001" classname="com.mh.ta.utils.TestDataProviderIteractor"/>
  <testcase name="testData" time="0.001" classname="com.mh.ta.utils.TestDataProviderIteractor"/>
  <testcase name="testData" time="0.001" classname="com.mh.ta.utils.TestDataProviderIteractor"/>
  <testcase name="testData" time="0.001" classname="com.mh.ta.utils.TestDataProviderIteractor"/>
  <testcase name="testData" time="0.000" classname="com.mh.ta.utils.TestDataProviderIteractor"/>
  <testcase name="testData" time="0.001" classname="com.mh.ta.utils.TestDataProviderIteractor"/>
  <testcase name="testData" time="0.000" classname="com.mh.ta.utils.TestDataProviderIteractor"/>
  <testcase name="testData" time="0.000" classname="com.mh.ta.utils.TestDataProviderIteractor"/>
  <testcase name="testData" time="0.001" classname="com.mh.ta.utils.TestDataProviderIteractor"/>
  <testcase name="testData" time="0.000" classname="com.mh.ta.utils.TestDataProviderIteractor"/>
  <testcase name="testData" time="0.000" classname="com.mh.ta.utils.TestDataProviderIteractor"/>
  <testcase name="testData" time="0.000" classname="com.mh.ta.utils.TestDataProviderIteractor"/>
  <testcase name="testData" time="0.000" classname="com.mh.ta.utils.TestDataProviderIteractor"/>
  <testcase name="testData" time="0.000" classname="com.mh.ta.utils.TestDataProviderIteractor"/>
  <testcase name="testData" time="0.000" classname="com.mh.ta.utils.TestDataProviderIteractor"/>
  <testcase name="testData" time="0.000" classname="com.mh.ta.utils.TestDataProviderIteractor"/>
  <testcase name="testData" time="0.000" classname="com.mh.ta.utils.TestDataProviderIteractor"/>
  <testcase name="testData" time="0.000" classname="com.mh.ta.utils.TestDataProviderIteractor"/>
  <testcase name="testData" time="0.001" classname="com.mh.ta.utils.TestDataProviderIteractor"/>
  <testcase name="testData" time="0.000" classname="com.mh.ta.utils.TestDataProviderIteractor"/>
  <testcase name="testData" time="0.000" classname="com.mh.ta.utils.TestDataProviderIteractor"/>
  <testcase name="testData" time="0.001" classname="com.mh.ta.utils.TestDataProviderIteractor"/>
  <testcase name="testData" time="0.000" classname="com.mh.ta.utils.TestDataProviderIteractor"/>
  <testcase name="testData" time="0.000" classname="com.mh.ta.utils.TestDataProviderIteractor"/>
  <testcase name="testData" time="0.000" classname="com.mh.ta.utils.TestDataProviderIteractor"/>
  <testcase name="testData" time="0.000" classname="com.mh.ta.utils.TestDataProviderIteractor"/>
  <testcase name="testData" time="0.000" classname="com.mh.ta.utils.TestDataProviderIteractor"/>
  <testcase name="testData" time="0.001" classname="com.mh.ta.utils.TestDataProviderIteractor"/>
  <testcase name="testData" time="0.000" classname="com.mh.ta.utils.TestDataProviderIteractor"/>
  <testcase name="testData" time="0.000" classname="com.mh.ta.utils.TestDataProviderIteractor"/>
  <testcase name="testData" time="0.001" classname="com.mh.ta.utils.TestDataProviderIteractor"/>
  <testcase name="testData" time="0.001" classname="com.mh.ta.utils.TestDataProviderIteractor"/>
  <testcase name="testData" time="0.000" classname="com.mh.ta.utils.TestDataProviderIteractor"/>
  <testcase name="testData" time="0.001" classname="com.mh.ta.utils.TestDataProviderIteractor"/>
  <testcase name="testData" time="0.001" classname="com.mh.ta.utils.TestDataProviderIteractor"/>
  <testcase name="testData" time="0.000" classname="com.mh.ta.utils.TestDataProviderIteractor"/>
  <testcase name="testData" time="0.000" classname="com.mh.ta.utils.TestDataProviderIteractor"/>
  <testcase name="testData" time="0.000" classname="com.mh.ta.utils.TestDataProviderIteractor"/>
  <testcase name="testData" time="0.000" classname="com.mh.ta.utils.TestDataProviderIteractor"/>
  <testcase name="testData" time="0.000" classname="com.mh.ta.utils.TestDataProviderIteractor"/>
  <testcase name="testData" time="0.000" classname="com.mh.ta.utils.TestDataProviderIteractor"/>
  <testcase name="testData" time="0.001" classname="com.mh.ta.utils.TestDataProviderIteractor"/>
  <testcase name="testData" time="0.001" classname="com.mh.ta.utils.TestDataProviderIteractor"/>
  <testcase name="testData" time="0.001" classname="com.mh.ta.utils.TestDataProviderIteractor"/>
  <testcase name="testData" time="0.000" classname="com.mh.ta.utils.TestDataProviderIteractor"/>
  <testcase name="testData" time="0.000" classname="com.mh.ta.utils.TestDataProviderIteractor"/>
  <testcase name="testData" time="0.000" classname="com.mh.ta.utils.TestDataProviderIteractor"/>
  <testcase name="testData" time="0.000" classname="com.mh.ta.utils.TestDataProviderIteractor"/>
  <testcase name="testData" time="0.000" classname="com.mh.ta.utils.TestDataProviderIteractor"/>
  <testcase name="testData" time="0.000" classname="com.mh.ta.utils.TestDataProviderIteractor"/>
  <testcase name="testData" time="0.000" classname="com.mh.ta.utils.TestDataProviderIteractor"/>
  <testcase name="testData" time="0.000" classname="com.mh.ta.utils.TestDataProviderIteractor"/>
  <testcase name="testData" time="0.000" classname="com.mh.ta.utils.TestDataProviderIteractor"/>
  <testcase name="testData" time="0.001" classname="com.mh.ta.utils.TestDataProviderIteractor"/>
  <testcase name="testData" time="0.000" classname="com.mh.ta.utils.TestDataProviderIteractor"/>
  <testcase name="testData" time="0.000" classname="com.mh.ta.utils.TestDataProviderIteractor"/>
  <testcase name="testData" time="0.000" classname="com.mh.ta.utils.TestDataProviderIteractor"/>
  <testcase name="testData" time="0.000" classname="com.mh.ta.utils.TestDataProviderIteractor"/>
  <testcase name="testData" time="0.000" classname="com.mh.ta.utils.TestDataProviderIteractor"/>
  <testcase name="testData" time="0.001" classname="com.mh.ta.utils.TestDataProviderIteractor"/>
  <testcase name="testData" time="0.000" classname="com.mh.ta.utils.TestDataProviderIteractor"/>
  <testcase name="testData" time="0.001" classname="com.mh.ta.utils.TestDataProviderIteractor"/>
  <testcase name="testData" time="0.000" classname="com.mh.ta.utils.TestDataProviderIteractor"/>
  <testcase name="testData" time="0.000" classname="com.mh.ta.utils.TestDataProviderIteractor"/>
  <testcase name="testData" time="0.001" classname="com.mh.ta.utils.TestDataProviderIteractor"/>
  <testcase name="testData" time="0.000" classname="com.mh.ta.utils.TestDataProviderIteractor"/>
  <testcase name="testData" time="0.001" classname="com.mh.ta.utils.TestDataProviderIteractor"/>
  <testcase name="testData" time="0.000" classname="com.mh.ta.utils.TestDataProviderIteractor"/>
  <testcase name="testData" time="0.000" classname="com.mh.ta.utils.TestDataProviderIteractor"/>
  <testcase name="testData" time="0.001" classname="com.mh.ta.utils.TestDataProviderIteractor"/>
  <testcase name="testData" time="1.081" classname="com.mh.ta.utils.TestDataProviderIteractor"/>
  <testcase name="testData" time="0.001" classname="com.mh.ta.utils.TestDataProviderIteractor"/>
  <testcase name="testData" time="0.001" classname="com.mh.ta.utils.TestDataProviderIteractor"/>
  <testcase name="testData" time="0.000" classname="com.mh.ta.utils.TestDataProviderIteractor"/>
  <testcase name="testData" time="0.000" classname="com.mh.ta.utils.TestDataProviderIteractor"/>
  <testcase name="testData" time="0.000" classname="com.mh.ta.utils.TestDataProviderIteractor"/>
  <testcase name="testData" time="0.000" classname="com.mh.ta.utils.TestDataProviderIteractor"/>
  <testcase name="testData" time="0.000" classname="com.mh.ta.utils.TestDataProviderIteractor"/>
  <testcase name="testData" time="0.000" classname="com.mh.ta.utils.TestDataProviderIteractor"/>
  <testcase name="testData" time="0.000" classname="com.mh.ta.utils.TestDataProviderIteractor"/>
  <testcase name="testData" time="0.000" classname="com.mh.ta.utils.TestDataProviderIteractor"/>
  <testcase name="testData" time="0.000" classname="com.mh.ta.utils.TestDataProviderIteractor"/>
  <testcase name="testData" time="0.000" classname="com.mh.ta.utils.TestDataProviderIteractor"/>
  <testcase name="testData" time="0.000" classname="com.mh.ta.utils.TestDataProviderIteractor"/>
  <testcase name="testData" time="0.000" classname="com.mh.ta.utils.TestDataProviderIteractor"/>
  <testcase name="testData" time="0.000" classname="com.mh.ta.utils.TestDataProviderIteractor"/>
  <testcase name="testData" time="0.000" classname="com.mh.ta.utils.TestDataProviderIteractor"/>
  <testcase name="testData" time="0.000" classname="com.mh.ta.utils.TestDataProviderIteractor"/>
  <testcase name="testData" time="0.000" classname="com.mh.ta.utils.TestDataProviderIteractor"/>
  <testcase name="testData" time="0.000" classname="com.mh.ta.utils.TestDataProviderIteractor"/>
  <testcase name="testData" time="0.000" classname="com.mh.ta.utils.TestDataProviderIteractor"/>
  <testcase name="testData" time="0.001" classname="com.mh.ta.utils.TestDataProviderIteractor"/>
  <testcase name="testData" time="0.000" classname="com.mh.ta.utils.TestDataProviderIteractor"/>
  <testcase name="testData" time="0.001" classname="com.mh.ta.utils.TestDataProviderIteractor"/>
  <testcase name="testData" time="0.000" classname="com.mh.ta.utils.TestDataProviderIteractor"/>
  <testcase name="testData" time="0.000" classname="com.mh.ta.utils.TestDataProviderIteractor"/>
  <testcase name="testData" time="0.000" classname="com.mh.ta.utils.TestDataProviderIteractor"/>
  <testcase name="testData" time="0.000" classname="com.mh.ta.utils.TestDataProviderIteractor"/>
  <testcase name="testData" time="0.000" classname="com.mh.ta.utils.TestDataProviderIteractor"/>
  <testcase name="testData" time="0.000" classname="com.mh.ta.utils.TestDataProviderIteractor"/>
  <testcase name="testData" time="0.000" classname="com.mh.ta.utils.TestDataProviderIteractor"/>
  <testcase name="testData" time="0.000" classname="com.mh.ta.utils.TestDataProviderIteractor"/>
  <testcase name="testData" time="0.000" classname="com.mh.ta.utils.TestDataProviderIteractor"/>
  <testcase name="testData" time="0.001" classname="com.mh.ta.utils.TestDataProviderIteractor"/>
  <testcase name="testData" time="0.000" classname="com.mh.ta.utils.TestDataProviderIteractor"/>
  <testcase name="testData" time="0.000" classname="com.mh.ta.utils.TestDataProviderIteractor"/>
  <testcase name="testData" time="0.000" classname="com.mh.ta.utils.TestDataProviderIteractor"/>
  <testcase name="testData" time="0.000" classname="com.mh.ta.utils.TestDataProviderIteractor"/>
  <testcase name="testData" time="0.000" classname="com.mh.ta.utils.TestDataProviderIteractor"/>
  <testcase name="testData" time="0.000" classname="com.mh.ta.utils.TestDataProviderIteractor"/>
  <testcase name="testData" time="0.000" classname="com.mh.ta.utils.TestDataProviderIteractor"/>
  <testcase name="testData" time="0.000" classname="com.mh.ta.utils.TestDataProviderIteractor"/>
  <testcase name="testData" time="0.000" classname="com.mh.ta.utils.TestDataProviderIteractor"/>
  <testcase name="testData" time="0.000" classname="com.mh.ta.utils.TestDataProviderIteractor"/>
  <testcase name="testData" time="0.000" classname="com.mh.ta.utils.TestDataProviderIteractor"/>
  <testcase name="testData" time="0.000" classname="com.mh.ta.utils.TestDataProviderIteractor"/>
  <testcase name="testData" time="0.000" classname="com.mh.ta.utils.TestDataProviderIteractor"/>
  <testcase name="testData" time="0.000" classname="com.mh.ta.utils.TestDataProviderIteractor"/>
  <testcase name="testData" time="0.000" classname="com.mh.ta.utils.TestDataProviderIteractor"/>
  <testcase name="testData" time="0.000" classname="com.mh.ta.utils.TestDataProviderIteractor"/>
  <testcase name="testData" time="0.000" classname="com.mh.ta.utils.TestDataProviderIteractor"/>
  <testcase name="testData" time="0.001" classname="com.mh.ta.utils.TestDataProviderIteractor"/>
  <testcase name="testData" time="0.000" classname="com.mh.ta.utils.TestDataProviderIteractor"/>
  <testcase name="testData" time="0.001" classname="com.mh.ta.utils.TestDataProviderIteractor"/>
  <testcase name="testData" time="0.000" classname="com.mh.ta.utils.TestDataProviderIteractor"/>
  <testcase name="testData" time="0.000" classname="com.mh.ta.utils.TestDataProviderIteractor"/>
  <testcase name="testData" time="0.000" classname="com.mh.ta.utils.TestDataProviderIteractor"/>
  <testcase name="testData" time="0.001" classname="com.mh.ta.utils.TestDataProviderIteractor"/>
  <testcase name="testData" time="0.001" classname="com.mh.ta.utils.TestDataProviderIteractor"/>
  <testcase name="testData" time="0.000" classname="com.mh.ta.utils.TestDataProviderIteractor"/>
  <testcase name="testData" time="0.000" classname="com.mh.ta.utils.TestDataProviderIteractor"/>
  <testcase name="testData" time="0.001" classname="com.mh.ta.utils.TestDataProviderIteractor"/>
  <testcase name="testData" time="0.001" classname="com.mh.ta.utils.TestDataProviderIteractor"/>
  <testcase name="testData" time="0.000" classname="com.mh.ta.utils.TestDataProviderIteractor"/>
  <testcase name="testData" time="0.000" classname="com.mh.ta.utils.TestDataProviderIteractor"/>
  <testcase name="testData" time="0.000" classname="com.mh.ta.utils.TestDataProviderIteractor"/>
  <testcase name="testData" time="0.000" classname="com.mh.ta.utils.TestDataProviderIteractor"/>
  <testcase name="testData" time="0.001" classname="com.mh.ta.utils.TestDataProviderIteractor"/>
  <testcase name="testData" time="0.001" classname="com.mh.ta.utils.TestDataProviderIteractor"/>
  <testcase name="testData" time="0.000" classname="com.mh.ta.utils.TestDataProviderIteractor"/>
  <testcase name="testData" time="0.000" classname="com.mh.ta.utils.TestDataProviderIteractor"/>
  <testcase name="testData" time="0.000" classname="com.mh.ta.utils.TestDataProviderIteractor"/>
  <testcase name="testData" time="0.001" classname="com.mh.ta.utils.TestDataProviderIteractor"/>
  <testcase name="testData" time="0.000" classname="com.mh.ta.utils.TestDataProviderIteractor"/>
  <testcase name="testData" time="0.000" classname="com.mh.ta.utils.TestDataProviderIteractor"/>
  <testcase name="testData" time="0.000" classname="com.mh.ta.utils.TestDataProviderIteractor"/>
  <testcase name="testData" time="0.000" classname="com.mh.ta.utils.TestDataProviderIteractor"/>
  <testcase name="testData" time="0.000" classname="com.mh.ta.utils.TestDataProviderIteractor"/>
  <testcase name="testData" time="0.000" classname="com.mh.ta.utils.TestDataProviderIteractor"/>
  <testcase name="testData" time="0.000" classname="com.mh.ta.utils.TestDataProviderIteractor"/>
  <testcase name="testData" time="0.000" classname="com.mh.ta.utils.TestDataProviderIteractor"/>
  <testcase name="testData" time="0.001" classname="com.mh.ta.utils.TestDataProviderIteractor"/>
  <testcase name="testData" time="0.000" classname="com.mh.ta.utils.TestDataProviderIteractor"/>
  <testcase name="testData" time="0.000" classname="com.mh.ta.utils.TestDataProviderIteractor"/>
  <testcase name="testData" time="0.001" classname="com.mh.ta.utils.TestDataProviderIteractor"/>
  <testcase name="testData" time="0.000" classname="com.mh.ta.utils.TestDataProviderIteractor"/>
  <testcase name="testData" time="0.001" classname="com.mh.ta.utils.TestDataProviderIteractor"/>
  <testcase name="testData" time="0.001" classname="com.mh.ta.utils.TestDataProviderIteractor"/>
  <testcase name="testData" time="0.000" classname="com.mh.ta.utils.TestDataProviderIteractor"/>
  <testcase name="testData" time="0.000" classname="com.mh.ta.utils.TestDataProviderIteractor"/>
  <testcase name="testData" time="0.000" classname="com.mh.ta.utils.TestDataProviderIteractor"/>
  <testcase name="testData" time="0.000" classname="com.mh.ta.utils.TestDataProviderIteractor"/>
  <testcase name="testData" time="0.001" classname="com.mh.ta.utils.TestDataProviderIteractor"/>
  <testcase name="testData" time="0.001" classname="com.mh.ta.utils.TestDataProviderIteractor"/>
  <testcase name="testData" time="0.000" classname="com.mh.ta.utils.TestDataProviderIteractor"/>
  <testcase name="testData" time="0.000" classname="com.mh.ta.utils.TestDataProviderIteractor"/>
  <testcase name="testData" time="0.000" classname="com.mh.ta.utils.TestDataProviderIteractor"/>
  <testcase name="testData" time="0.000" classname="com.mh.ta.utils.TestDataProviderIteractor"/>
  <testcase name="testData" time="0.000" classname="com.mh.ta.utils.TestDataProviderIteractor"/>
  <testcase name="testData" time="0.000" classname="com.mh.ta.utils.TestDataProviderIteractor"/>
  <testcase name="testData" time="0.001" classname="com.mh.ta.utils.TestDataProviderIteractor"/>
  <testcase name="testData" time="0.000" classname="com.mh.ta.utils.TestDataProviderIteractor"/>
  <testcase name="testData" time="0.000" classname="com.mh.ta.utils.TestDataProviderIteractor"/>
  <testcase name="testData" time="0.000" classname="com.mh.ta.utils.TestDataProviderIteractor"/>
  <testcase name="testData" time="0.001" classname="com.mh.ta.utils.TestDataProviderIteractor"/>
  <testcase name="testData" time="0.001" classname="com.mh.ta.utils.TestDataProviderIteractor"/>
  <testcase name="testData" time="0.000" classname="com.mh.ta.utils.TestDataProviderIteractor"/>
  <testcase name="testData" time="0.001" classname="com.mh.ta.utils.TestDataProviderIteractor"/>
  <testcase name="testData" time="0.000" classname="com.mh.ta.utils.TestDataProviderIteractor"/>
  <testcase name="testData" time="0.000" classname="com.mh.ta.utils.TestDataProviderIteractor"/>
  <testcase name="testData" time="0.000" classname="com.mh.ta.utils.TestDataProviderIteractor"/>
  <testcase name="testData" time="0.002" classname="com.mh.ta.utils.TestDataProviderIteractor"/>
  <testcase name="testData" time="0.000" classname="com.mh.ta.utils.TestDataProviderIteractor"/>
  <testcase name="testData" time="0.000" classname="com.mh.ta.utils.TestDataProviderIteractor"/>
  <testcase name="testData" time="0.000" classname="com.mh.ta.utils.TestDataProviderIteractor"/>
  <testcase name="testData" time="0.000" classname="com.mh.ta.utils.TestDataProviderIteractor"/>
  <testcase name="testData" time="0.000" classname="com.mh.ta.utils.TestDataProviderIteractor"/>
  <testcase name="testData" time="0.000" classname="com.mh.ta.utils.TestDataProviderIteractor"/>
  <testcase name="testData" time="0.000" classname="com.mh.ta.utils.TestDataProviderIteractor"/>
  <testcase name="testData" time="0.001" classname="com.mh.ta.utils.TestDataProviderIteractor"/>
  <testcase name="testData" time="0.000" classname="com.mh.ta.utils.TestDataProviderIteractor"/>
  <testcase name="testData" time="0.001" classname="com.mh.ta.utils.TestDataProviderIteractor"/>
  <testcase name="testData" time="0.000" classname="com.mh.ta.utils.TestDataProviderIteractor"/>
  <testcase name="testData" time="0.001" classname="com.mh.ta.utils.TestDataProviderIteractor"/>
  <testcase name="testData" time="0.000" classname="com.mh.ta.utils.TestDataProviderIteractor"/>
  <testcase name="testData" time="0.000" classname="com.mh.ta.utils.TestDataProviderIteractor"/>
  <testcase name="testData" time="0.000" classname="com.mh.ta.utils.TestDataProviderIteractor"/>
  <testcase name="testData" time="0.000" classname="com.mh.ta.utils.TestDataProviderIteractor"/>
  <testcase name="testData" time="0.001" classname="com.mh.ta.utils.TestDataProviderIteractor"/>
  <testcase name="testData" time="0.000" classname="com.mh.ta.utils.TestDataProviderIteractor"/>
  <testcase name="testData" time="0.001" classname="com.mh.ta.utils.TestDataProviderIteractor"/>
  <testcase name="testData" time="0.000" classname="com.mh.ta.utils.TestDataProviderIteractor"/>
  <testcase name="testData" time="0.000" classname="com.mh.ta.utils.TestDataProviderIteractor"/>
  <testcase name="testData" time="0.000" classname="com.mh.ta.utils.TestDataProviderIteractor"/>
  <testcase name="testData" time="0.000" classname="com.mh.ta.utils.TestDataProviderIteractor"/>
  <testcase name="testData" time="0.000" classname="com.mh.ta.utils.TestDataProviderIteractor"/>
  <testcase name="testData" time="0.000" classname="com.mh.ta.utils.TestDataProviderIteractor"/>
  <testcase name="testData" time="0.000" classname="com.mh.ta.utils.TestDataProviderIteractor"/>
  <testcase name="testData" time="0.000" classname="com.mh.ta.utils.TestDataProviderIteractor"/>
  <testcase name="testData" time="0.000" classname="com.mh.ta.utils.TestDataProviderIteractor"/>
  <testcase name="testData" time="0.000" classname="com.mh.ta.utils.TestDataProviderIteractor"/>
  <testcase name="testData" time="0.001" classname="com.mh.ta.utils.TestDataProviderIteractor"/>
  <testcase name="testData" time="0.000" classname="com.mh.ta.utils.TestDataProviderIteractor"/>
  <testcase name="testData" time="0.000" classname="com.mh.ta.utils.TestDataProviderIteractor"/>
  <testcase name="testData" time="0.000" classname="com.mh.ta.utils.TestDataProviderIteractor"/>
  <testcase name="testData" time="0.000" classname="com.mh.ta.utils.TestDataProviderIteractor"/>
  <testcase name="testData" time="0.001" classname="com.mh.ta.utils.TestDataProviderIteractor"/>
  <testcase name="testData" time="0.000" classname="com.mh.ta.utils.TestDataProviderIteractor"/>
  <testcase name="testData" time="0.001" classname="com.mh.ta.utils.TestDataProviderIteractor"/>
  <testcase name="testData" time="0.001" classname="com.mh.ta.utils.TestDataProviderIteractor"/>
  <testcase name="testData" time="0.000" classname="com.mh.ta.utils.TestDataProviderIteractor"/>
  <testcase name="testData" time="0.001" classname="com.mh.ta.utils.TestDataProviderIteractor"/>
  <testcase name="testData" time="0.000" classname="com.mh.ta.utils.TestDataProviderIteractor"/>
  <testcase name="testData" time="0.001" classname="com.mh.ta.utils.TestDataProviderIteractor"/>
  <testcase name="testData" time="0.000" classname="com.mh.ta.utils.TestDataProviderIteractor"/>
  <testcase name="testData" time="0.000" classname="com.mh.ta.utils.TestDataProviderIteractor"/>
  <testcase name="testData" time="0.001" classname="com.mh.ta.utils.TestDataProviderIteractor"/>
  <testcase name="testData" time="0.000" classname="com.mh.ta.utils.TestDataProviderIteractor"/>
  <testcase name="testData" time="0.000" classname="com.mh.ta.utils.TestDataProviderIteractor"/>
  <testcase name="testData" time="0.001" classname="com.mh.ta.utils.TestDataProviderIteractor"/>
  <testcase name="testData" time="0.000" classname="com.mh.ta.utils.TestDataProviderIteractor"/>
  <testcase name="testData" time="0.000" classname="com.mh.ta.utils.TestDataProviderIteractor"/>
  <testcase name="testData" time="0.000" classname="com.mh.ta.utils.TestDataProviderIteractor"/>
  <testcase name="testData" time="0.000" classname="com.mh.ta.utils.TestDataProviderIteractor"/>
  <testcase name="testData" time="0.001" classname="com.mh.ta.utils.TestDataProviderIteractor"/>
  <testcase name="testData" time="0.000" classname="com.mh.ta.utils.TestDataProviderIteractor"/>
  <testcase name="testData" time="0.001" classname="com.mh.ta.utils.TestDataProviderIteractor"/>
  <testcase name="testData" time="0.000" classname="com.mh.ta.utils.TestDataProviderIteractor"/>
  <testcase name="testData" time="0.000" classname="com.mh.ta.utils.TestDataProviderIteractor"/>
  <testcase name="testData" time="0.000" classname="com.mh.ta.utils.TestDataProviderIteractor"/>
  <testcase name="testData" time="0.000" classname="com.mh.ta.utils.TestDataProviderIteractor"/>
  <testcase name="testData" time="0.000" classname="com.mh.ta.utils.TestDataProviderIteractor"/>
  <testcase name="testData" time="0.000" classname="com.mh.ta.utils.TestDataProviderIteractor"/>
  <testcase name="testData" time="0.000" classname="com.mh.ta.utils.TestDataProviderIteractor"/>
  <testcase name="testData" time="0.000" classname="com.mh.ta.utils.TestDataProviderIteractor"/>
  <testcase name="testData" time="0.000" classname="com.mh.ta.utils.TestDataProviderIteractor"/>
  <testcase name="testData" time="0.000" classname="com.mh.ta.utils.TestDataProviderIteractor"/>
  <testcase name="testData" time="0.000" classname="com.mh.ta.utils.TestDataProviderIteractor"/>
  <testcase name="testData" time="0.001" classname="com.mh.ta.utils.TestDataProviderIteractor"/>
  <testcase name="testData" time="0.001" classname="com.mh.ta.utils.TestDataProviderIteractor"/>
  <testcase name="testData" time="0.000" classname="com.mh.ta.utils.TestDataProviderIteractor"/>
  <testcase name="testData" time="0.001" classname="com.mh.ta.utils.TestDataProviderIteractor"/>
  <testcase name="testData" time="0.000" classname="com.mh.ta.utils.TestDataProviderIteractor"/>
  <testcase name="testData" time="0.000" classname="com.mh.ta.utils.TestDataProviderIteractor"/>
  <testcase name="testData" time="0.000" classname="com.mh.ta.utils.TestDataProviderIteractor"/>
  <testcase name="testData" time="0.000" classname="com.mh.ta.utils.TestDataProviderIteractor"/>
  <testcase name="testData" time="0.000" classname="com.mh.ta.utils.TestDataProviderIteractor"/>
  <testcase name="testData" time="0.000" classname="com.mh.ta.utils.TestDataProviderIteractor"/>
  <testcase name="testData" time="0.000" classname="com.mh.ta.utils.TestDataProviderIteractor"/>
  <testcase name="testData" time="0.001" classname="com.mh.ta.utils.TestDataProviderIteractor"/>
  <testcase name="testData" time="0.001" classname="com.mh.ta.utils.TestDataProviderIteractor"/>
  <testcase name="testData" time="0.001" classname="com.mh.ta.utils.TestDataProviderIteractor"/>
  <testcase name="testData" time="0.001" classname="com.mh.ta.utils.TestDataProviderIteractor"/>
  <testcase name="testData" time="0.000" classname="com.mh.ta.utils.TestDataProviderIteractor"/>
  <testcase name="testData" time="0.000" classname="com.mh.ta.utils.TestDataProviderIteractor"/>
  <testcase name="testData" time="0.001" classname="com.mh.ta.utils.TestDataProviderIteractor"/>
  <testcase name="testData" time="0.000" classname="com.mh.ta.utils.TestDataProviderIteractor"/>
  <testcase name="testData" time="0.000" classname="com.mh.ta.utils.TestDataProviderIteractor"/>
  <testcase name="testData" time="0.001" classname="com.mh.ta.utils.TestDataProviderIteractor"/>
  <testcase name="testData" time="0.001" classname="com.mh.ta.utils.TestDataProviderIteractor"/>
  <testcase name="testData" time="0.000" classname="com.mh.ta.utils.TestDataProviderIteractor"/>
  <testcase name="testData" time="0.000" classname="com.mh.ta.utils.TestDataProviderIteractor"/>
  <testcase name="testData" time="0.000" classname="com.mh.ta.utils.TestDataProviderIteractor"/>
  <testcase name="testData" time="0.000" classname="com.mh.ta.utils.TestDataProviderIteractor"/>
  <testcase name="testData" time="0.001" classname="com.mh.ta.utils.TestDataProviderIteractor"/>
  <testcase name="testData" time="0.000" classname="com.mh.ta.utils.TestDataProviderIteractor"/>
  <testcase name="testData" time="0.000" classname="com.mh.ta.utils.TestDataProviderIteractor"/>
  <testcase name="testData" time="0.000" classname="com.mh.ta.utils.TestDataProviderIteractor"/>
  <testcase name="testData" time="0.000" classname="com.mh.ta.utils.TestDataProviderIteractor"/>
  <testcase name="testData" time="0.000" classname="com.mh.ta.utils.TestDataProviderIteractor"/>
  <testcase name="testData" time="0.000" classname="com.mh.ta.utils.TestDataProviderIteractor"/>
  <testcase name="testData" time="0.000" classname="com.mh.ta.utils.TestDataProviderIteractor"/>
  <testcase name="testData" time="0.000" classname="com.mh.ta.utils.TestDataProviderIteractor"/>
  <testcase name="testData" time="0.000" classname="com.mh.ta.utils.TestDataProviderIteractor"/>
  <testcase name="testData" time="0.001" classname="com.mh.ta.utils.TestDataProviderIteractor"/>
  <testcase name="testData" time="0.000" classname="com.mh.ta.utils.TestDataProviderIteractor"/>
  <testcase name="testData" time="0.000" classname="com.mh.ta.utils.TestDataProviderIteractor"/>
  <testcase name="testData" time="0.000" classname="com.mh.ta.utils.TestDataProviderIteractor"/>
  <testcase name="testData" time="0.000" classname="com.mh.ta.utils.TestDataProviderIteractor"/>
  <testcase name="testData" time="0.000" classname="com.mh.ta.utils.TestDataProviderIteractor"/>
  <testcase name="testData" time="0.000" classname="com.mh.ta.utils.TestDataProviderIteractor"/>
  <testcase name="testData" time="0.000" classname="com.mh.ta.utils.TestDataProviderIteractor"/>
  <testcase name="testData" time="0.001" classname="com.mh.ta.utils.TestDataProviderIteractor"/>
  <testcase name="testData" time="0.000" classname="com.mh.ta.utils.TestDataProviderIteractor"/>
  <testcase name="testData" time="0.000" classname="com.mh.ta.utils.TestDataProviderIteractor"/>
  <testcase name="testData" time="0.001" classname="com.mh.ta.utils.TestDataProviderIteractor"/>
  <testcase name="testData" time="0.000" classname="com.mh.ta.utils.TestDataProviderIteractor"/>
  <testcase name="testData" time="0.001" classname="com.mh.ta.utils.TestDataProviderIteractor"/>
  <testcase name="testData" time="0.000" classname="com.mh.ta.utils.TestDataProviderIteractor"/>
  <testcase name="testData" time="0.000" classname="com.mh.ta.utils.TestDataProviderIteractor"/>
  <testcase name="testData" time="0.000" classname="com.mh.ta.utils.TestDataProviderIteractor"/>
  <testcase name="testData" time="0.000" classname="com.mh.ta.utils.TestDataProviderIteractor"/>
  <testcase name="testData" time="0.000" classname="com.mh.ta.utils.TestDataProviderIteractor"/>
  <testcase name="testData" time="0.001" classname="com.mh.ta.utils.TestDataProviderIteractor"/>
  <testcase name="testData" time="0.000" classname="com.mh.ta.utils.TestDataProviderIteractor"/>
  <testcase name="testData" time="0.000" classname="com.mh.ta.utils.TestDataProviderIteractor"/>
  <testcase name="testData" time="0.001" classname="com.mh.ta.utils.TestDataProviderIteractor"/>
  <testcase name="testData" time="0.000" classname="com.mh.ta.utils.TestDataProviderIteractor"/>
  <testcase name="testData" time="0.001" classname="com.mh.ta.utils.TestDataProviderIteractor"/>
  <testcase name="testData" time="0.001" classname="com.mh.ta.utils.TestDataProviderIteractor"/>
  <testcase name="testData" time="0.000" classname="com.mh.ta.utils.TestDataProviderIteractor"/>
  <testcase name="testData" time="0.000" classname="com.mh.ta.utils.TestDataProviderIteractor"/>
  <testcase name="testData" time="0.000" classname="com.mh.ta.utils.TestDataProviderIteractor"/>
  <testcase name="testData" time="0.000" classname="com.mh.ta.utils.TestDataProviderIteractor"/>
  <testcase name="testData" time="0.001" classname="com.mh.ta.utils.TestDataProviderIteractor"/>
  <testcase name="testData" time="0.000" classname="com.mh.ta.utils.TestDataProviderIteractor"/>
  <testcase name="testData" time="0.001" classname="com.mh.ta.utils.TestDataProviderIteractor"/>
  <testcase name="testData" time="0.000" classname="com.mh.ta.utils.TestDataProviderIteractor"/>
  <testcase name="testData" time="0.000" classname="com.mh.ta.utils.TestDataProviderIteractor"/>
  <testcase name="testData" time="0.000" classname="com.mh.ta.utils.TestDataProviderIteractor"/>
  <testcase name="testData" time="0.000" classname="com.mh.ta.utils.TestDataProviderIteractor"/>
  <testcase name="testData" time="0.000" classname="com.mh.ta.utils.TestDataProviderIteractor"/>
  <testcase name="testData" time="0.001" classname="com.mh.ta.utils.TestDataProviderIteractor"/>
  <testcase name="testData" time="0.000" classname="com.mh.ta.utils.TestDataProviderIteractor"/>
  <testcase name="testData" time="0.000" classname="com.mh.ta.utils.TestDataProviderIteractor"/>
  <testcase name="testData" time="0.000" classname="com.mh.ta.utils.TestDataProviderIteractor"/>
  <testcase name="testData" time="0.000" classname="com.mh.ta.utils.TestDataProviderIteractor"/>
  <testcase name="testData" time="0.001" classname="com.mh.ta.utils.TestDataProviderIteractor"/>
  <testcase name="testData" time="0.000" classname="com.mh.ta.utils.TestDataProviderIteractor"/>
  <testcase name="testData" time="0.000" classname="com.mh.ta.utils.TestDataProviderIteractor"/>
  <testcase name="testData" time="0.001" classname="com.mh.ta.utils.TestDataProviderIteractor"/>
  <testcase name="testData" time="0.001" classname="com.mh.ta.utils.TestDataProviderIteractor"/>
  <testcase name="testData" time="0.001" classname="com.mh.ta.utils.TestDataProviderIteractor"/>
  <testcase name="testData" time="0.000" classname="com.mh.ta.utils.TestDataProviderIteractor"/>
  <testcase name="testData" time="0.000" classname="com.mh.ta.utils.TestDataProviderIteractor"/>
  <testcase name="testData" time="0.000" classname="com.mh.ta.utils.TestDataProviderIteractor"/>
  <testcase name="testData" time="0.000" classname="com.mh.ta.utils.TestDataProviderIteractor"/>
  <testcase name="testData" time="0.001" classname="com.mh.ta.utils.TestDataProviderIteractor"/>
  <testcase name="testData" time="0.000" classname="com.mh.ta.utils.TestDataProviderIteractor"/>
  <testcase name="testData" time="0.000" classname="com.mh.ta.utils.TestDataProviderIteractor"/>
  <testcase name="testData" time="0.000" classname="com.mh.ta.utils.TestDataProviderIteractor"/>
  <testcase name="testData" time="0.000" classname="com.mh.ta.utils.TestDataProviderIteractor"/>
  <testcase name="testData" time="0.000" classname="com.mh.ta.utils.TestDataProviderIteractor"/>
  <testcase name="testData" time="0.001" classname="com.mh.ta.utils.TestDataProviderIteractor"/>
  <testcase name="testData" time="0.000" classname="com.mh.ta.utils.TestDataProviderIteractor"/>
  <testcase name="testData" time="0.000" classname="com.mh.ta.utils.TestDataProviderIteractor"/>
  <testcase name="testData" time="0.000" classname="com.mh.ta.utils.TestDataProviderIteractor"/>
  <testcase name="testData" time="0.001" classname="com.mh.ta.utils.TestDataProviderIteractor"/>
  <testcase name="testData" time="0.001" classname="com.mh.ta.utils.TestDataProviderIteractor"/>
  <testcase name="testData" time="0.000" classname="com.mh.ta.utils.TestDataProviderIteractor"/>
  <testcase name="testData" time="0.001" classname="com.mh.ta.utils.TestDataProviderIteractor"/>
  <testcase name="testData" time="0.000" classname="com.mh.ta.utils.TestDataProviderIteractor"/>
  <testcase name="testData" time="0.000" classname="com.mh.ta.utils.TestDataProviderIteractor"/>
  <testcase name="testData" time="0.000" classname="com.mh.ta.utils.TestDataProviderIteractor"/>
  <testcase name="testData" time="0.000" classname="com.mh.ta.utils.TestDataProviderIteractor"/>
  <testcase name="testData" time="0.000" classname="com.mh.ta.utils.TestDataProviderIteractor"/>
  <testcase name="testData" time="0.001" classname="com.mh.ta.utils.TestDataProviderIteractor"/>
  <testcase name="testData" time="0.000" classname="com.mh.ta.utils.TestDataProviderIteractor"/>
  <testcase name="testData" time="0.000" classname="com.mh.ta.utils.TestDataProviderIteractor"/>
  <testcase name="testData" time="0.000" classname="com.mh.ta.utils.TestDataProviderIteractor"/>
  <testcase name="testData" time="0.001" classname="com.mh.ta.utils.TestDataProviderIteractor"/>
  <testcase name="testData" time="0.000" classname="com.mh.ta.utils.TestDataProviderIteractor"/>
  <testcase name="testData" time="0.001" classname="com.mh.ta.utils.TestDataProviderIteractor"/>
  <testcase name="testData" time="0.001" classname="com.mh.ta.utils.TestDataProviderIteractor"/>
  <testcase name="testData" time="0.000" classname="com.mh.ta.utils.TestDataProviderIteractor"/>
  <testcase name="testData" time="0.000" classname="com.mh.ta.utils.TestDataProviderIteractor"/>
  <testcase name="testData" time="0.000" classname="com.mh.ta.utils.TestDataProviderIteractor"/>
  <testcase name="testData" time="0.000" classname="com.mh.ta.utils.TestDataProviderIteractor"/>
  <testcase name="testData" time="0.000" classname="com.mh.ta.utils.TestDataProviderIteractor"/>
  <testcase name="testData" time="0.000" classname="com.mh.ta.utils.TestDataProviderIteractor"/>
  <testcase name="testData" time="0.001" classname="com.mh.ta.utils.TestDataProviderIteractor"/>
  <testcase name="testData" time="0.000" classname="com.mh.ta.utils.TestDataProviderIteractor"/>
  <testcase name="testData" time="0.001" classname="com.mh.ta.utils.TestDataProviderIteractor"/>
  <testcase name="testData" time="0.000" classname="com.mh.ta.utils.TestDataProviderIteractor"/>
  <testcase name="testData" time="0.000" classname="com.mh.ta.utils.TestDataProviderIteractor"/>
  <testcase name="testData" time="0.000" classname="com.mh.ta.utils.TestDataProviderIteractor"/>
  <testcase name="testData" time="0.000" classname="com.mh.ta.utils.TestDataProviderIteractor"/>
  <testcase name="testData" time="0.000" classname="com.mh.ta.utils.TestDataProviderIteractor"/>
  <testcase name="testData" time="0.001" classname="com.mh.ta.utils.TestDataProviderIteractor"/>
  <testcase name="testData" time="0.001" classname="com.mh.ta.utils.TestDataProviderIteractor"/>
  <testcase name="testData" time="0.000" classname="com.mh.ta.utils.TestDataProviderIteractor"/>
  <testcase name="testData" time="0.000" classname="com.mh.ta.utils.TestDataProviderIteractor"/>
  <testcase name="testData" time="0.000" classname="com.mh.ta.utils.TestDataProviderIteractor"/>
  <testcase name="testData" time="0.000" classname="com.mh.ta.utils.TestDataProviderIteractor"/>
  <testcase name="testData" time="0.000" classname="com.mh.ta.utils.TestDataProviderIteractor"/>
  <testcase name="testData" time="0.000" classname="com.mh.ta.utils.TestDataProviderIteractor"/>
  <testcase name="testData" time="0.000" classname="com.mh.ta.utils.TestDataProviderIteractor"/>
  <testcase name="testData" time="0.000" classname="com.mh.ta.utils.TestDataProviderIteractor"/>
  <testcase name="testData" time="0.000" classname="com.mh.ta.utils.TestDataProviderIteractor"/>
  <testcase name="testData" time="0.000" classname="com.mh.ta.utils.TestDataProviderIteractor"/>
  <testcase name="testData" time="0.000" classname="com.mh.ta.utils.TestDataProviderIteractor"/>
  <testcase name="testData" time="0.000" classname="com.mh.ta.utils.TestDataProviderIteractor"/>
  <testcase name="testData" time="0.000" classname="com.mh.ta.utils.TestDataProviderIteractor"/>
  <testcase name="testData" time="0.001" classname="com.mh.ta.utils.TestDataProviderIteractor"/>
  <testcase name="testData" time="0.000" classname="com.mh.ta.utils.TestDataProviderIteractor"/>
  <testcase name="testData" time="0.000" classname="com.mh.ta.utils.TestDataProviderIteractor"/>
  <testcase name="testData" time="0.000" classname="com.mh.ta.utils.TestDataProviderIteractor"/>
  <testcase name="testData" time="0.000" classname="com.mh.ta.utils.TestDataProviderIteractor"/>
  <testcase name="testData" time="0.001" classname="com.mh.ta.utils.TestDataProviderIteractor"/>
  <testcase name="testData" time="0.000" classname="com.mh.ta.utils.TestDataProviderIteractor"/>
  <testcase name="testData" time="0.000" classname="com.mh.ta.utils.TestDataProviderIteractor"/>
  <testcase name="testData" time="0.000" classname="com.mh.ta.utils.TestDataProviderIteractor"/>
  <testcase name="testData" time="0.000" classname="com.mh.ta.utils.TestDataProviderIteractor"/>
  <testcase name="testData" time="0.000" classname="com.mh.ta.utils.TestDataProviderIteractor"/>
  <testcase name="testData" time="0.001" classname="com.mh.ta.utils.TestDataProviderIteractor"/>
  <testcase name="testData" time="0.000" classname="com.mh.ta.utils.TestDataProviderIteractor"/>
  <testcase name="testData" time="0.000" classname="com.mh.ta.utils.TestDataProviderIteractor"/>
  <testcase name="testData" time="0.000" classname="com.mh.ta.utils.TestDataProviderIteractor"/>
  <testcase name="testData" time="0.000" classname="com.mh.ta.utils.TestDataProviderIteractor"/>
  <testcase name="testData" time="0.000" classname="com.mh.ta.utils.TestDataProviderIteractor"/>
  <testcase name="testData" time="0.000" classname="com.mh.ta.utils.TestDataProviderIteractor"/>
  <testcase name="testData" time="0.000" classname="com.mh.ta.utils.TestDataProviderIteractor"/>
  <testcase name="testData" time="0.000" classname="com.mh.ta.utils.TestDataProviderIteractor"/>
  <testcase name="testData" time="0.000" classname="com.mh.ta.utils.TestDataProviderIteractor"/>
  <testcase name="testData" time="0.000" classname="com.mh.ta.utils.TestDataProviderIteractor"/>
  <testcase name="testData" time="0.000" classname="com.mh.ta.utils.TestDataProviderIteractor"/>
  <testcase name="testData" time="0.001" classname="com.mh.ta.utils.TestDataProviderIteractor"/>
  <testcase name="testData" time="0.000" classname="com.mh.ta.utils.TestDataProviderIteractor"/>
  <testcase name="testData" time="0.000" classname="com.mh.ta.utils.TestDataProviderIteractor"/>
  <testcase name="testData" time="0.001" classname="com.mh.ta.utils.TestDataProviderIteractor"/>
  <testcase name="testData" time="0.000" classname="com.mh.ta.utils.TestDataProviderIteractor"/>
  <testcase name="testData" time="0.000" classname="com.mh.ta.utils.TestDataProviderIteractor"/>
  <testcase name="testData" time="0.001" classname="com.mh.ta.utils.TestDataProviderIteractor"/>
  <testcase name="testData" time="0.001" classname="com.mh.ta.utils.TestDataProviderIteractor"/>
  <testcase name="testData" time="0.000" classname="com.mh.ta.utils.TestDataProviderIteractor"/>
  <testcase name="testData" time="0.000" classname="com.mh.ta.utils.TestDataProviderIteractor"/>
  <testcase name="testData" time="0.000" classname="com.mh.ta.utils.TestDataProviderIteractor"/>
  <testcase name="testData" time="0.000" classname="com.mh.ta.utils.TestDataProviderIteractor"/>
  <testcase name="testData" time="0.000" classname="com.mh.ta.utils.TestDataProviderIteractor"/>
  <testcase name="testData" time="0.001" classname="com.mh.ta.utils.TestDataProviderIteractor"/>
  <testcase name="testData" time="0.003" classname="com.mh.ta.utils.TestDataProviderIteractor"/>
  <testcase name="testData" time="0.000" classname="com.mh.ta.utils.TestDataProviderIteractor"/>
  <testcase name="testData" time="0.000" classname="com.mh.ta.utils.TestDataProviderIteractor"/>
  <testcase name="testData" time="0.000" classname="com.mh.ta.utils.TestDataProviderIteractor"/>
  <testcase name="testData" time="0.001" classname="com.mh.ta.utils.TestDataProviderIteractor"/>
  <testcase name="testData" time="0.001" classname="com.mh.ta.utils.TestDataProviderIteractor"/>
  <testcase name="testData" time="0.000" classname="com.mh.ta.utils.TestDataProviderIteractor"/>
  <testcase name="testData" time="0.000" classname="com.mh.ta.utils.TestDataProviderIteractor"/>
  <testcase name="testData" time="0.000" classname="com.mh.ta.utils.TestDataProviderIteractor"/>
  <testcase name="testData" time="0.001" classname="com.mh.ta.utils.TestDataProviderIteractor"/>
  <testcase name="testData" time="0.001" classname="com.mh.ta.utils.TestDataProviderIteractor"/>
  <testcase name="testData" time="0.000" classname="com.mh.ta.utils.TestDataProviderIteractor"/>
  <testcase name="testData" time="0.000" classname="com.mh.ta.utils.TestDataProviderIteractor"/>
  <testcase name="testData" time="0.000" classname="com.mh.ta.utils.TestDataProviderIteractor"/>
  <testcase name="testData" time="0.001" classname="com.mh.ta.utils.TestDataProviderIteractor"/>
  <testcase name="testData" time="0.001" classname="com.mh.ta.utils.TestDataProviderIteractor"/>
  <testcase name="testData" time="0.001" classname="com.mh.ta.utils.TestDataProviderIteractor"/>
  <testcase name="testData" time="0.000" classname="com.mh.ta.utils.TestDataProviderIteractor"/>
  <testcase name="testData" time="0.000" classname="com.mh.ta.utils.TestDataProviderIteractor"/>
  <testcase name="testData" time="0.000" classname="com.mh.ta.utils.TestDataProviderIteractor"/>
  <testcase name="testData" time="0.000" classname="com.mh.ta.utils.TestDataProviderIteractor"/>
  <testcase name="testData" time="0.000" classname="com.mh.ta.utils.TestDataProviderIteractor"/>
  <testcase name="testData" time="0.000" classname="com.mh.ta.utils.TestDataProviderIteractor"/>
  <testcase name="testData" time="0.000" classname="com.mh.ta.utils.TestDataProviderIteractor"/>
  <testcase name="testData" time="0.000" classname="com.mh.ta.utils.TestDataProviderIteractor"/>
  <testcase name="testData" time="0.000" classname="com.mh.ta.utils.TestDataProviderIteractor"/>
  <testcase name="testData" time="0.000" classname="com.mh.ta.utils.TestDataProviderIteractor"/>
  <testcase name="testData" time="0.001" classname="com.mh.ta.utils.TestDataProviderIteractor"/>
  <testcase name="testData" time="0.000" classname="com.mh.ta.utils.TestDataProviderIteractor"/>
  <testcase name="testData" time="0.000" classname="com.mh.ta.utils.TestDataProviderIteractor"/>
  <testcase name="testData" time="0.000" classname="com.mh.ta.utils.TestDataProviderIteractor"/>
  <testcase name="testData" time="0.001" classname="com.mh.ta.utils.TestDataProviderIteractor"/>
  <testcase name="testData" time="0.000" classname="com.mh.ta.utils.TestDataProviderIteractor"/>
  <testcase name="testData" time="0.001" classname="com.mh.ta.utils.TestDataProviderIteractor"/>
  <testcase name="testData" time="0.000" classname="com.mh.ta.utils.TestDataProviderIteractor"/>
  <testcase name="testData" time="0.001" classname="com.mh.ta.utils.TestDataProviderIteractor"/>
  <testcase name="testData" time="0.000" classname="com.mh.ta.utils.TestDataProviderIteractor"/>
  <testcase name="testData" time="0.001" classname="com.mh.ta.utils.TestDataProviderIteractor"/>
  <testcase name="testData" time="0.000" classname="com.mh.ta.utils.TestDataProviderIteractor"/>
  <testcase name="testData" time="0.000" classname="com.mh.ta.utils.TestDataProviderIteractor"/>
  <testcase name="testData" time="0.000" classname="com.mh.ta.utils.TestDataProviderIteractor"/>
  <testcase name="testData" time="0.001" classname="com.mh.ta.utils.TestDataProviderIteractor"/>
  <testcase name="testData" time="0.000" classname="com.mh.ta.utils.TestDataProviderIteractor"/>
  <testcase name="testData" time="0.000" classname="com.mh.ta.utils.TestDataProviderIteractor"/>
  <testcase name="testData" time="0.000" classname="com.mh.ta.utils.TestDataProviderIteractor"/>
  <testcase name="testData" time="0.000" classname="com.mh.ta.utils.TestDataProviderIteractor"/>
  <testcase name="testData" time="0.000" classname="com.mh.ta.utils.TestDataProviderIteractor"/>
  <testcase name="testData" time="0.000" classname="com.mh.ta.utils.TestDataProviderIteractor"/>
  <testcase name="testData" time="0.001" classname="com.mh.ta.utils.TestDataProviderIteractor"/>
  <testcase name="testData" time="0.000" classname="com.mh.ta.utils.TestDataProviderIteractor"/>
  <testcase name="testData" time="0.000" classname="com.mh.ta.utils.TestDataProviderIteractor"/>
  <testcase name="testData" time="0.000" classname="com.mh.ta.utils.TestDataProviderIteractor"/>
  <testcase name="testData" time="0.000" classname="com.mh.ta.utils.TestDataProviderIteractor"/>
  <testcase name="testData" time="0.000" classname="com.mh.ta.utils.TestDataProviderIteractor"/>
  <testcase name="testData" time="0.000" classname="com.mh.ta.utils.TestDataProviderIteractor"/>
  <testcase name="testData" time="0.001" classname="com.mh.ta.utils.TestDataProviderIteractor"/>
  <testcase name="testData" time="0.000" classname="com.mh.ta.utils.TestDataProviderIteractor"/>
  <testcase name="testData" time="0.001" classname="com.mh.ta.utils.TestDataProviderIteractor"/>
  <testcase name="testData" time="0.001" classname="com.mh.ta.utils.TestDataProviderIteractor"/>
  <testcase name="testData" time="0.001" classname="com.mh.ta.utils.TestDataProviderIteractor"/>
  <testcase name="testData" time="0.000" classname="com.mh.ta.utils.TestDataProviderIteractor"/>
  <testcase name="testData" time="0.000" classname="com.mh.ta.utils.TestDataProviderIteractor"/>
  <testcase name="testData" time="0.001" classname="com.mh.ta.utils.TestDataProviderIteractor"/>
  <testcase name="testData" time="0.001" classname="com.mh.ta.utils.TestDataProviderIteractor"/>
  <testcase name="testData" time="0.000" classname="com.mh.ta.utils.TestDataProviderIteractor"/>
  <testcase name="testData" time="0.001" classname="com.mh.ta.utils.TestDataProviderIteractor"/>
  <testcase name="testData" time="0.000" classname="com.mh.ta.utils.TestDataProviderIteractor"/>
  <testcase name="testData" time="0.001" classname="com.mh.ta.utils.TestDataProviderIteractor"/>
  <testcase name="testData" time="0.000" classname="com.mh.ta.utils.TestDataProviderIteractor"/>
  <testcase name="testData" time="0.000" classname="com.mh.ta.utils.TestDataProviderIteractor"/>
  <testcase name="testData" time="0.001" classname="com.mh.ta.utils.TestDataProviderIteractor"/>
  <testcase name="testData" time="0.000" classname="com.mh.ta.utils.TestDataProviderIteractor"/>
  <testcase name="testData" time="0.001" classname="com.mh.ta.utils.TestDataProviderIteractor"/>
  <testcase name="testData" time="0.000" classname="com.mh.ta.utils.TestDataProviderIteractor"/>
  <testcase name="testData" time="0.000" classname="com.mh.ta.utils.TestDataProviderIteractor"/>
  <testcase name="testData" time="0.000" classname="com.mh.ta.utils.TestDataProviderIteractor"/>
  <testcase name="testData" time="0.000" classname="com.mh.ta.utils.TestDataProviderIteractor"/>
  <testcase name="testData" time="0.000" classname="com.mh.ta.utils.TestDataProviderIteractor"/>
  <testcase name="testData" time="0.001" classname="com.mh.ta.utils.TestDataProviderIteractor"/>
  <testcase name="testData" time="0.000" classname="com.mh.ta.utils.TestDataProviderIteractor"/>
  <testcase name="testData" time="0.000" classname="com.mh.ta.utils.TestDataProviderIteractor"/>
  <testcase name="testData" time="0.000" classname="com.mh.ta.utils.TestDataProviderIteractor"/>
  <testcase name="testData" time="0.000" classname="com.mh.ta.utils.TestDataProviderIteractor"/>
  <testcase name="testData" time="0.000" classname="com.mh.ta.utils.TestDataProviderIteractor"/>
  <testcase name="testData" time="0.001" classname="com.mh.ta.utils.TestDataProviderIteractor"/>
  <testcase name="testData" time="0.001" classname="com.mh.ta.utils.TestDataProviderIteractor"/>
  <testcase name="testData" time="0.000" classname="com.mh.ta.utils.TestDataProviderIteractor"/>
  <testcase name="testData" time="0.007" classname="com.mh.ta.utils.TestDataProviderIteractor"/>
  <testcase name="testData" time="0.000" classname="com.mh.ta.utils.TestDataProviderIteractor"/>
  <testcase name="testData" time="0.001" classname="com.mh.ta.utils.TestDataProviderIteractor"/>
  <testcase name="testData" time="0.000" classname="com.mh.ta.utils.TestDataProviderIteractor"/>
  <testcase name="testData" time="0.000" classname="com.mh.ta.utils.TestDataProviderIteractor"/>
  <testcase name="testData" time="0.000" classname="com.mh.ta.utils.TestDataProviderIteractor"/>
  <testcase name="testData" time="0.001" classname="com.mh.ta.utils.TestDataProviderIteractor"/>
  <testcase name="testData" time="0.000" classname="com.mh.ta.utils.TestDataProviderIteractor"/>
  <testcase name="testData" time="0.001" classname="com.mh.ta.utils.TestDataProviderIteractor"/>
  <testcase name="testData" time="0.000" classname="com.mh.ta.utils.TestDataProviderIteractor"/>
  <testcase name="testData" time="0.000" classname="com.mh.ta.utils.TestDataProviderIteractor"/>
  <testcase name="testData" time="0.000" classname="com.mh.ta.utils.TestDataProviderIteractor"/>
  <testcase name="testData" time="0.001" classname="com.mh.ta.utils.TestDataProviderIteractor"/>
  <testcase name="testData" time="0.000" classname="com.mh.ta.utils.TestDataProviderIteractor"/>
  <testcase name="testData" time="0.001" classname="com.mh.ta.utils.TestDataProviderIteractor"/>
  <testcase name="testData" time="0.000" classname="com.mh.ta.utils.TestDataProviderIteractor"/>
  <testcase name="testData" time="0.000" classname="com.mh.ta.utils.TestDataProviderIteractor"/>
  <testcase name="testData" time="0.000" classname="com.mh.ta.utils.TestDataProviderIteractor"/>
  <testcase name="testData" time="0.001" classname="com.mh.ta.utils.TestDataProviderIteractor"/>
  <testcase name="testData" time="0.000" classname="com.mh.ta.utils.TestDataProviderIteractor"/>
  <testcase name="testData" time="0.000" classname="com.mh.ta.utils.TestDataProviderIteractor"/>
  <testcase name="testData" time="0.001" classname="com.mh.ta.utils.TestDataProviderIteractor"/>
  <testcase name="testData" time="0.000" classname="com.mh.ta.utils.TestDataProviderIteractor"/>
  <testcase name="testData" time="0.000" classname="com.mh.ta.utils.TestDataProviderIteractor"/>
  <testcase name="testData" time="0.000" classname="com.mh.ta.utils.TestDataProviderIteractor"/>
  <testcase name="testData" time="0.001" classname="com.mh.ta.utils.TestDataProviderIteractor"/>
  <testcase name="testData" time="0.000" classname="com.mh.ta.utils.TestDataProviderIteractor"/>
  <testcase name="testData" time="0.000" classname="com.mh.ta.utils.TestDataProviderIteractor"/>
  <testcase name="testData" time="0.000" classname="com.mh.ta.utils.TestDataProviderIteractor"/>
  <testcase name="testData" time="0.000" classname="com.mh.ta.utils.TestDataProviderIteractor"/>
  <testcase name="testData" time="0.000" classname="com.mh.ta.utils.TestDataProviderIteractor"/>
  <testcase name="testData" time="0.000" classname="com.mh.ta.utils.TestDataProviderIteractor"/>
  <testcase name="testData" time="0.001" classname="com.mh.ta.utils.TestDataProviderIteractor"/>
  <testcase name="testData" time="0.000" classname="com.mh.ta.utils.TestDataProviderIteractor"/>
  <testcase name="testData" time="0.000" classname="com.mh.ta.utils.TestDataProviderIteractor"/>
  <testcase name="testData" time="0.000" classname="com.mh.ta.utils.TestDataProviderIteractor"/>
  <testcase name="testData" time="0.000" classname="com.mh.ta.utils.TestDataProviderIteractor"/>
  <testcase name="testData" time="0.000" classname="com.mh.ta.utils.TestDataProviderIteractor"/>
  <testcase name="testData" time="0.000" classname="com.mh.ta.utils.TestDataProviderIteractor"/>
  <testcase name="testData" time="0.000" classname="com.mh.ta.utils.TestDataProviderIteractor"/>
  <testcase name="testData" time="0.000" classname="com.mh.ta.utils.TestDataProviderIteractor"/>
  <testcase name="testData" time="0.001" classname="com.mh.ta.utils.TestDataProviderIteractor"/>
  <testcase name="testData" time="0.000" classname="com.mh.ta.utils.TestDataProviderIteractor"/>
  <testcase name="testData" time="0.000" classname="com.mh.ta.utils.TestDataProviderIteractor"/>
  <testcase name="testData" time="0.000" classname="com.mh.ta.utils.TestDataProviderIteractor"/>
  <testcase name="testData" time="0.000" classname="com.mh.ta.utils.TestDataProviderIteractor"/>
  <testcase name="testData" time="0.000" classname="com.mh.ta.utils.TestDataProviderIteractor"/>
  <testcase name="testData" time="0.000" classname="com.mh.ta.utils.TestDataProviderIteractor"/>
  <testcase name="testData" time="0.001" classname="com.mh.ta.utils.TestDataProviderIteractor"/>
  <testcase name="testData" time="0.001" classname="com.mh.ta.utils.TestDataProviderIteractor"/>
  <testcase name="testData" time="0.001" classname="com.mh.ta.utils.TestDataProviderIteractor"/>
  <testcase name="testData" time="0.000" classname="com.mh.ta.utils.TestDataProviderIteractor"/>
  <testcase name="testData" time="0.000" classname="com.mh.ta.utils.TestDataProviderIteractor"/>
  <testcase name="testData" time="0.000" classname="com.mh.ta.utils.TestDataProviderIteractor"/>
  <testcase name="testData" time="0.000" classname="com.mh.ta.utils.TestDataProviderIteractor"/>
  <testcase name="testData" time="0.000" classname="com.mh.ta.utils.TestDataProviderIteractor"/>
  <testcase name="testData" time="0.001" classname="com.mh.ta.utils.TestDataProviderIteractor"/>
  <testcase name="testData" time="0.000" classname="com.mh.ta.utils.TestDataProviderIteractor"/>
  <testcase name="testData" time="0.000" classname="com.mh.ta.utils.TestDataProviderIteractor"/>
  <testcase name="testData" time="0.000" classname="com.mh.ta.utils.TestDataProviderIteractor"/>
  <testcase name="testData" time="0.001" classname="com.mh.ta.utils.TestDataProviderIteractor"/>
  <testcase name="testData" time="0.000" classname="com.mh.ta.utils.TestDataProviderIteractor"/>
  <testcase name="testData" time="0.001" classname="com.mh.ta.utils.TestDataProviderIteractor"/>
  <testcase name="testData" time="0.000" classname="com.mh.ta.utils.TestDataProviderIteractor"/>
  <testcase name="testData" time="0.001" classname="com.mh.ta.utils.TestDataProviderIteractor"/>
  <testcase name="testData" time="0.000" classname="com.mh.ta.utils.TestDataProviderIteractor"/>
  <testcase name="testData" time="0.000" classname="com.mh.ta.utils.TestDataProviderIteractor"/>
  <testcase name="testData" time="0.000" classname="com.mh.ta.utils.TestDataProviderIteractor"/>
  <testcase name="testData" time="0.000" classname="com.mh.ta.utils.TestDataProviderIteractor"/>
  <testcase name="testData" time="0.001" classname="com.mh.ta.utils.TestDataProviderIteractor"/>
  <testcase name="testData" time="0.000" classname="com.mh.ta.utils.TestDataProviderIteractor"/>
  <testcase name="testData" time="0.000" classname="com.mh.ta.utils.TestDataProviderIteractor"/>
  <testcase name="testData" time="0.000" classname="com.mh.ta.utils.TestDataProviderIteractor"/>
  <testcase name="testData" time="0.001" classname="com.mh.ta.utils.TestDataProviderIteractor"/>
  <testcase name="testData" time="0.000" classname="com.mh.ta.utils.TestDataProviderIteractor"/>
  <testcase name="testData" time="0.001" classname="com.mh.ta.utils.TestDataProviderIteractor"/>
  <testcase name="testData" time="0.001" classname="com.mh.ta.utils.TestDataProviderIteractor"/>
  <testcase name="testData" time="0.000" classname="com.mh.ta.utils.TestDataProviderIteractor"/>
  <testcase name="testData" time="0.000" classname="com.mh.ta.utils.TestDataProviderIteractor"/>
  <testcase name="testData" time="0.000" classname="com.mh.ta.utils.TestDataProviderIteractor"/>
  <testcase name="testData" time="0.001" classname="com.mh.ta.utils.TestDataProviderIteractor"/>
  <testcase name="testData" time="0.000" classname="com.mh.ta.utils.TestDataProviderIteractor"/>
  <testcase name="testData" time="0.000" classname="com.mh.ta.utils.TestDataProviderIteractor"/>
  <testcase name="testData" time="0.001" classname="com.mh.ta.utils.TestDataProviderIteractor"/>
  <testcase name="testData" time="0.000" classname="com.mh.ta.utils.TestDataProviderIteractor"/>
  <testcase name="testData" time="0.000" classname="com.mh.ta.utils.TestDataProviderIteractor"/>
  <testcase name="testData" time="0.000" classname="com.mh.ta.utils.TestDataProviderIteractor"/>
  <testcase name="testData" time="0.000" classname="com.mh.ta.utils.TestDataProviderIteractor"/>
  <testcase name="testData" time="0.000" classname="com.mh.ta.utils.TestDataProviderIteractor"/>
  <testcase name="testData" time="0.001" classname="com.mh.ta.utils.TestDataProviderIteractor"/>
  <testcase name="testData" time="0.001" classname="com.mh.ta.utils.TestDataProviderIteractor"/>
  <testcase name="testData" time="0.000" classname="com.mh.ta.utils.TestDataProviderIteractor"/>
  <testcase name="testData" time="0.001" classname="com.mh.ta.utils.TestDataProviderIteractor"/>
  <testcase name="testData" time="0.000" classname="com.mh.ta.utils.TestDataProviderIteractor"/>
  <testcase name="testData" time="0.001" classname="com.mh.ta.utils.TestDataProviderIteractor"/>
  <testcase name="testData" time="0.001" classname="com.mh.ta.utils.TestDataProviderIteractor"/>
  <testcase name="testData" time="0.000" classname="com.mh.ta.utils.TestDataProviderIteractor"/>
  <testcase name="testData" time="0.000" classname="com.mh.ta.utils.TestDataProviderIteractor"/>
  <testcase name="testData" time="0.000" classname="com.mh.ta.utils.TestDataProviderIteractor"/>
  <testcase name="testData" time="0.000" classname="com.mh.ta.utils.TestDataProviderIteractor"/>
  <testcase name="testData" time="0.001" classname="com.mh.ta.utils.TestDataProviderIteractor"/>
  <testcase name="testData" time="0.000" classname="com.mh.ta.utils.TestDataProviderIteractor"/>
  <testcase name="testData" time="0.000" classname="com.mh.ta.utils.TestDataProviderIteractor"/>
  <testcase name="testData" time="0.000" classname="com.mh.ta.utils.TestDataProviderIteractor"/>
  <testcase name="testData" time="0.000" classname="com.mh.ta.utils.TestDataProviderIteractor"/>
  <testcase name="testData" time="0.000" classname="com.mh.ta.utils.TestDataProviderIteractor"/>
  <testcase name="testData" time="0.000" classname="com.mh.ta.utils.TestDataProviderIteractor"/>
  <testcase name="testData" time="0.001" classname="com.mh.ta.utils.TestDataProviderIteractor"/>
  <testcase name="testData" time="0.001" classname="com.mh.ta.utils.TestDataProviderIteractor"/>
  <testcase name="testData" time="0.000" classname="com.mh.ta.utils.TestDataProviderIteractor"/>
  <testcase name="testData" time="0.000" classname="com.mh.ta.utils.TestDataProviderIteractor"/>
  <testcase name="testData" time="0.000" classname="com.mh.ta.utils.TestDataProviderIteractor"/>
  <testcase name="testData" time="0.000" classname="com.mh.ta.utils.TestDataProviderIteractor"/>
</testsuite> <!-- com.mh.ta.utils.TestDataProviderIteractor -->
