<?xml version="1.0" encoding="UTF-8"?>
<!-- Generated by org.testng.reporters.JUnitReportReporter -->
<testsuite skipped="0" hostname="minhhoang.local" name="com.mh.ta.utils.TestA" tests="4" failures="0" timestamp="11 Jul 2017 10:17:24 GMT" time="4.028" errors="0">
  <testcase name="A1" time="1.014" classname="com.mh.ta.utils.TestA"/>
  <testcase name="A3" time="1.005" classname="com.mh.ta.utils.TestA"/>
  <testcase name="A2" time="1.003" classname="com.mh.ta.utils.TestA"/>
  <testcase name="A4" time="1.006" classname="com.mh.ta.utils.TestA"/>
</testsuite> <!-- com.mh.ta.utils.TestA -->
