<?xml version="1.0" encoding="UTF-8"?>
<!-- Generated by org.testng.reporters.JUnitReportReporter -->
<testsuite skipped="0" hostname="minhhoang.local" name="com.mh.ta.guice.factory.TestGuiceDriverFactory" tests="2" failures="0" timestamp="04 Jul 2017 03:23:20 GMT" time="39.037" errors="0">
  <testcase name="testFirefox" time="20.404" classname="com.mh.ta.guice.factory.TestGuiceDriverFactory"/>
  <testcase name="testChrome" time="18.633" classname="com.mh.ta.guice.factory.TestGuiceDriverFactory"/>
</testsuite> <!-- com.mh.ta.guice.factory.TestGuiceDriverFactory -->
