<?xml version="1.0" encoding="UTF-8"?>
<!-- Generated by org.testng.reporters.JUnitReportReporter -->
<testsuite skipped="0" hostname="minhhoang.local" name="com.mh.ta.TestSeleniumDriver" tests="1" failures="0" timestamp="06 Jul 2017 06:34:17 GMT" time="11.906" errors="0">
  <testcase name="testDriver" time="11.906" classname="com.mh.ta.TestSeleniumDriver"/>
</testsuite> <!-- com.mh.ta.TestSeleniumDriver -->
